INFO: looking at: HCC1954_trinity.Trinity.fasta.transdecoder.cds
INFO: translating sequences
INFO: line to peptide info
INFO: searching sequences
INFO: line: 	HCC 1806	peptide	ESGPSIVHR	hit in	HCC1954_trinity.Trinity.fasta.transdecoder.pep	TRINITY_DN104_c0_g1_i1.p1	TRINITY_DN104_c0_g1_i1.p1 TRINITY_DN104_c0_g1~~TRINITY_DN104_c0_g1_i1.p1  ORF type:complete len:405 (-),score=105.77,sp|P63258|ACTG_BOVIN|100.0|2.5e-220 TRINITY_DN104_c0_g1_i1:729-1856(-)	[]
INFO: line: 	HCC 1954	peptide	FEQEMATAA	hit in	HCC1954_trinity.Trinity.fasta.transdecoder.pep	TRINITY_DN104_c0_g1_i1.p1	TRINITY_DN104_c0_g1_i1.p1 TRINITY_DN104_c0_g1~~TRINITY_DN104_c0_g1_i1.p1  ORF type:complete len:405 (-),score=105.77,sp|P63258|ACTG_BOVIN|100.0|2.5e-220 TRINITY_DN104_c0_g1_i1:729-1856(-)	[]
INFO: line: 	HCC 1806	peptide	ESGPSIVHR	hit in	HCC1954_trinity.Trinity.fasta.transdecoder.pep	TRINITY_DN104_c0_g1_i11.p1	TRINITY_DN104_c0_g1_i11.p1 TRINITY_DN104_c0_g1~~TRINITY_DN104_c0_g1_i11.p1  ORF type:complete len:407 (-),score=101.94,sp|P60712|ACTB_BOVIN|100.0|1.5e-220 TRINITY_DN104_c0_g1_i11:610-1737(-)	[]
INFO: line: 	HCC 1954	peptide	FEQEMATAA	hit in	HCC1954_trinity.Trinity.fasta.transdecoder.pep	TRINITY_DN104_c0_g1_i11.p1	TRINITY_DN104_c0_g1_i11.p1 TRINITY_DN104_c0_g1~~TRINITY_DN104_c0_g1_i11.p1  ORF type:complete len:407 (-),score=101.94,sp|P60712|ACTB_BOVIN|100.0|1.5e-220 TRINITY_DN104_c0_g1_i11:610-1737(-)	[]
INFO: line: 	HCC 1954	peptide	FEQEMATAA	hit in	HCC1954_trinity.Trinity.fasta.transdecoder.pep	TRINITY_DN104_c0_g1_i2.p1	TRINITY_DN104_c0_g1_i2.p1 TRINITY_DN104_c0_g1~~TRINITY_DN104_c0_g1_i2.p1  ORF type:internal len:224 (-),score=80.77,sp|P53505|ACT5_XENLA|100.0|1.8e-127 TRINITY_DN104_c0_g1_i2:3-671(-)	[]
INFO: line: 	HCC 1806	peptide	ESGPSIVHR	hit in	HCC1954_trinity.Trinity.fasta.transdecoder.pep	TRINITY_DN104_c0_g1_i4.p1	TRINITY_DN104_c0_g1_i4.p1 TRINITY_DN104_c0_g1~~TRINITY_DN104_c0_g1_i4.p1  ORF type:complete len:405 (-),score=115.60,sp|P63258|ACTG_BOVIN|100.0|2.5e-220 TRINITY_DN104_c0_g1_i4:610-1737(-)	[]
INFO: line: 	HCC 1954	peptide	FEQEMATAA	hit in	HCC1954_trinity.Trinity.fasta.transdecoder.pep	TRINITY_DN104_c0_g1_i4.p1	TRINITY_DN104_c0_g1_i4.p1 TRINITY_DN104_c0_g1~~TRINITY_DN104_c0_g1_i4.p1  ORF type:complete len:405 (-),score=115.60,sp|P63258|ACTG_BOVIN|100.0|2.5e-220 TRINITY_DN104_c0_g1_i4:610-1737(-)	[]
INFO: line: 	HCC 1806	peptide	ESGPSIVHR	hit in	HCC1954_trinity.Trinity.fasta.transdecoder.pep	TRINITY_DN104_c0_g1_i7.p1	TRINITY_DN104_c0_g1_i7.p1 TRINITY_DN104_c0_g1~~TRINITY_DN104_c0_g1_i7.p1  ORF type:complete len:254 (-),score=76.04,sp|P53505|ACT5_XENLA|100.0|2.4e-144 TRINITY_DN104_c0_g1_i7:729-1490(-)	[]
INFO: line: 	HCC 1954	peptide	FEQEMATAA	hit in	HCC1954_trinity.Trinity.fasta.transdecoder.pep	TRINITY_DN104_c0_g1_i7.p1	TRINITY_DN104_c0_g1_i7.p1 TRINITY_DN104_c0_g1~~TRINITY_DN104_c0_g1_i7.p1  ORF type:complete len:254 (-),score=76.04,sp|P53505|ACT5_XENLA|100.0|2.4e-144 TRINITY_DN104_c0_g1_i7:729-1490(-)	[]
INFO: line: 	MDA-MB-231	peptide	KYLDEDTIYHL	hit in	HCC1954_trinity.Trinity.fasta.transdecoder.pep	TRINITY_DN115_c0_g2_i21.p1	TRINITY_DN115_c0_g2_i21.p1 TRINITY_DN115_c0_g2~~TRINITY_DN115_c0_g2_i21.p1  ORF type:complete len:273 (+),score=43.94,sp|P31153|METK2_HUMAN|100.0|9.7e-152 TRINITY_DN115_c0_g2_i21:639-1457(+)	[]
INFO: line: 	MDA-MB-231	peptide	KYLDEDTIYHL	hit in	HCC1954_trinity.Trinity.fasta.transdecoder.pep	TRINITY_DN115_c0_g2_i24.p2	TRINITY_DN115_c0_g2_i24.p2 TRINITY_DN115_c0_g2~~TRINITY_DN115_c0_g2_i24.p2  ORF type:complete len:151 (+),score=19.72,sp|P31153|METK2_HUMAN|99.3|1.1e-72 TRINITY_DN115_c0_g2_i24:824-1276(+)	[]
INFO: line: 	MDA-MB-231	peptide	KYLDEDTIYHL	hit in	HCC1954_trinity.Trinity.fasta.transdecoder.pep	TRINITY_DN115_c0_g2_i30.p1	TRINITY_DN115_c0_g2_i30.p1 TRINITY_DN115_c0_g2~~TRINITY_DN115_c0_g2_i30.p1  ORF type:complete len:190 (+),score=23.64,sp|P31153|METK2_HUMAN|100.0|2.4e-101 TRINITY_DN115_c0_g2_i30:608-1177(+)	[]
INFO: line: 	MDA-MB-231	peptide	KYLDEDTIYHL	hit in	HCC1954_trinity.Trinity.fasta.transdecoder.pep	TRINITY_DN115_c0_g2_i37.p2	TRINITY_DN115_c0_g2_i37.p2 TRINITY_DN115_c0_g2~~TRINITY_DN115_c0_g2_i37.p2  ORF type:complete len:187 (+),score=29.76,sp|P31153|METK2_HUMAN|99.4|1.9e-98 TRINITY_DN115_c0_g2_i37:824-1384(+)	[]
INFO: line: 	MDA-MB-231	peptide	KYLDEDTIYHL	hit in	HCC1954_trinity.Trinity.fasta.transdecoder.pep	TRINITY_DN115_c0_g2_i39.p1	TRINITY_DN115_c0_g2_i39.p1 TRINITY_DN115_c0_g2~~TRINITY_DN115_c0_g2_i39.p1  ORF type:complete len:226 (+),score=33.69,sp|P31153|METK2_HUMAN|100.0|4.0e-127 TRINITY_DN115_c0_g2_i39:608-1285(+)	[]
INFO: line: 	MDA-MB-231	peptide	KYLDEDTIYHL	hit in	HCC1954_trinity.Trinity.fasta.transdecoder.pep	TRINITY_DN115_c0_g2_i42.p1	TRINITY_DN115_c0_g2_i42.p1 TRINITY_DN115_c0_g2~~TRINITY_DN115_c0_g2_i42.p1  ORF type:5prime_partial len:132 (+),score=19.06,sp|P31153|METK2_HUMAN|100.0|9.7e-65 TRINITY_DN115_c0_g2_i42:3-398(+)	[]
INFO: line: 	MDA-MB-231	peptide	KYLDEDTIYHL	hit in	HCC1954_trinity.Trinity.fasta.transdecoder.pep	TRINITY_DN115_c0_g2_i51.p2	TRINITY_DN115_c0_g2_i51.p2 TRINITY_DN115_c0_g2~~TRINITY_DN115_c0_g2_i51.p2  ORF type:complete len:187 (+),score=29.76,sp|P31153|METK2_HUMAN|99.4|1.9e-98 TRINITY_DN115_c0_g2_i51:824-1384(+)	[]
INFO: line: 	MDA-MB-231	peptide	KYLDEDTIYHL	hit in	HCC1954_trinity.Trinity.fasta.transdecoder.pep	TRINITY_DN115_c0_g2_i52.p1	TRINITY_DN115_c0_g2_i52.p1 TRINITY_DN115_c0_g2~~TRINITY_DN115_c0_g2_i52.p1  ORF type:complete len:333 (+),score=66.06,sp|P31153|METK2_HUMAN|100.0|1.1e-192 TRINITY_DN115_c0_g2_i52:346-1344(+)	[]
INFO: line: 	MDA-MB-231	peptide	KYLDEDTIYHL	hit in	HCC1954_trinity.Trinity.fasta.transdecoder.pep	TRINITY_DN115_c0_g2_i66.p1	TRINITY_DN115_c0_g2_i66.p1 TRINITY_DN115_c0_g2~~TRINITY_DN115_c0_g2_i66.p1  ORF type:complete len:327 (+),score=64.87,sp|P31153|METK2_HUMAN|100.0|1.5e-183 TRINITY_DN115_c0_g2_i66:114-1094(+)	[]
INFO: line: 	MDA-MB-231	peptide	KYLDEDTIYHL	hit in	HCC1954_trinity.Trinity.fasta.transdecoder.pep	TRINITY_DN115_c0_g2_i67.p1	TRINITY_DN115_c0_g2_i67.p1 TRINITY_DN115_c0_g2~~TRINITY_DN115_c0_g2_i67.p1  ORF type:complete len:396 (+),score=83.05,sp|P31153|METK2_HUMAN|100.0|2.3e-231 TRINITY_DN115_c0_g2_i67:114-1301(+)	[]
INFO: line: 	MDA-MB-231	peptide	KYLDEDTIYHL	hit in	HCC1954_trinity.Trinity.fasta.transdecoder.pep	TRINITY_DN115_c0_g2_i7.p1	TRINITY_DN115_c0_g2_i7.p1 TRINITY_DN115_c0_g2~~TRINITY_DN115_c0_g2_i7.p1  ORF type:complete len:226 (+),score=33.69,sp|P31153|METK2_HUMAN|100.0|4.0e-127 TRINITY_DN115_c0_g2_i7:608-1285(+)	[]
INFO: line: 	MDA-MB-231	peptide	KYLDEDTIYHL	hit in	HCC1954_trinity.Trinity.fasta.transdecoder.pep	TRINITY_DN115_c0_g2_i77.p1	TRINITY_DN115_c0_g2_i77.p1 TRINITY_DN115_c0_g2~~TRINITY_DN115_c0_g2_i77.p1  ORF type:complete len:363 (+),score=74.92,sp|P31153|METK2_HUMAN|100.0|1.8e-209 TRINITY_DN115_c0_g2_i77:114-1202(+)	[]
INFO: line: 	HCC 1806	peptide	RQYLQEVGY	hit in	HCC1954_trinity.Trinity.fasta.transdecoder.pep	TRINITY_DN21844_c0_g1_i1.p1	TRINITY_DN21844_c0_g1_i1.p1 TRINITY_DN21844_c0_g1~~TRINITY_DN21844_c0_g1_i1.p1  ORF type:5prime_partial len:724 (-),score=170.94,sp|O43815|STRN_HUMAN|99.6|0.0e+00 TRINITY_DN21844_c0_g1_i1:2764-4935(-)	[]
INFO: line: 	HCC 1954	peptide	EYPDRIMNTF	hit in	HCC1954_trinity.Trinity.fasta.transdecoder.pep	TRINITY_DN2610_c0_g1_i1.p1	TRINITY_DN2610_c0_g1_i1.p1 TRINITY_DN2610_c0_g1~~TRINITY_DN2610_c0_g1_i1.p1  ORF type:3prime_partial len:323 (-),score=91.20,sp|Q2KJD0|TBB5_BOVIN|100.0|3.4e-188 TRINITY_DN2610_c0_g1_i1:3-968(-)	[]
INFO: line: 	HCC 1954	peptide	YPDRIMNTF	hit in	HCC1954_trinity.Trinity.fasta.transdecoder.pep	TRINITY_DN2610_c0_g1_i1.p1	TRINITY_DN2610_c0_g1_i1.p1 TRINITY_DN2610_c0_g1~~TRINITY_DN2610_c0_g1_i1.p1  ORF type:3prime_partial len:323 (-),score=91.20,sp|Q2KJD0|TBB5_BOVIN|100.0|3.4e-188 TRINITY_DN2610_c0_g1_i1:3-968(-)	[]
INFO: line: 	HCC 1954	peptide	EYPDRIMNTF	hit in	HCC1954_trinity.Trinity.fasta.transdecoder.pep	TRINITY_DN2610_c0_g2_i2.p1	TRINITY_DN2610_c0_g2_i2.p1 TRINITY_DN2610_c0_g2~~TRINITY_DN2610_c0_g2_i2.p1  ORF type:3prime_partial len:328 (-),score=80.60,sp|Q2T9S0|TBB3_BOVIN|100.0|2.7e-185 TRINITY_DN2610_c0_g2_i2:1-936(-)	[]
INFO: line: 	HCC 1954	peptide	YPDRIMNTF	hit in	HCC1954_trinity.Trinity.fasta.transdecoder.pep	TRINITY_DN2610_c0_g2_i2.p1	TRINITY_DN2610_c0_g2_i2.p1 TRINITY_DN2610_c0_g2~~TRINITY_DN2610_c0_g2_i2.p1  ORF type:3prime_partial len:328 (-),score=80.60,sp|Q2T9S0|TBB3_BOVIN|100.0|2.7e-185 TRINITY_DN2610_c0_g2_i2:1-936(-)	[]
INFO: line: 	HCC 1954	peptide	EYPDRIMNTF	hit in	HCC1954_trinity.Trinity.fasta.transdecoder.pep	TRINITY_DN2610_c0_g4_i1.p1	TRINITY_DN2610_c0_g4_i1.p1 TRINITY_DN2610_c0_g4~~TRINITY_DN2610_c0_g4_i1.p1  ORF type:complete len:472 (-),score=125.35,sp|Q2KJD0|TBB5_BOVIN|98.4|8.3e-260 TRINITY_DN2610_c0_g4_i1:1052-2386(-)	[]
INFO: line: 	HCC 1954	peptide	YPDRIMNTF	hit in	HCC1954_trinity.Trinity.fasta.transdecoder.pep	TRINITY_DN2610_c0_g4_i1.p1	TRINITY_DN2610_c0_g4_i1.p1 TRINITY_DN2610_c0_g4~~TRINITY_DN2610_c0_g4_i1.p1  ORF type:complete len:472 (-),score=125.35,sp|Q2KJD0|TBB5_BOVIN|98.4|8.3e-260 TRINITY_DN2610_c0_g4_i1:1052-2386(-)	[]
INFO: line: 	HCC 1954	peptide	EYPDRIMNTF	hit in	HCC1954_trinity.Trinity.fasta.transdecoder.pep	TRINITY_DN2610_c0_g4_i2.p1	TRINITY_DN2610_c0_g4_i2.p1 TRINITY_DN2610_c0_g4~~TRINITY_DN2610_c0_g4_i2.p1  ORF type:complete len:299 (-),score=90.37,sp|Q2KJD0|TBB5_BOVIN|99.0|1.6e-168 TRINITY_DN2610_c0_g4_i2:1052-1948(-)	[]
INFO: line: 	HCC 1954	peptide	YPDRIMNTF	hit in	HCC1954_trinity.Trinity.fasta.transdecoder.pep	TRINITY_DN2610_c0_g4_i2.p1	TRINITY_DN2610_c0_g4_i2.p1 TRINITY_DN2610_c0_g4~~TRINITY_DN2610_c0_g4_i2.p1  ORF type:complete len:299 (-),score=90.37,sp|Q2KJD0|TBB5_BOVIN|99.0|1.6e-168 TRINITY_DN2610_c0_g4_i2:1052-1948(-)	[]
INFO: line: 	HCC 1954	peptide	EYPDRIMNTF	hit in	HCC1954_trinity.Trinity.fasta.transdecoder.pep	TRINITY_DN2610_c0_g4_i3.p1	TRINITY_DN2610_c0_g4_i3.p1 TRINITY_DN2610_c0_g4~~TRINITY_DN2610_c0_g4_i3.p1  ORF type:complete len:473 (-),score=132.66,sp|Q3MHM5|TBB4B_BOVIN|100.0|1.4e-262 TRINITY_DN2610_c0_g4_i3:155-1492(-)	[]
INFO: line: 	HCC 1954	peptide	YPDRIMNTF	hit in	HCC1954_trinity.Trinity.fasta.transdecoder.pep	TRINITY_DN2610_c0_g4_i3.p1	TRINITY_DN2610_c0_g4_i3.p1 TRINITY_DN2610_c0_g4~~TRINITY_DN2610_c0_g4_i3.p1  ORF type:complete len:473 (-),score=132.66,sp|Q3MHM5|TBB4B_BOVIN|100.0|1.4e-262 TRINITY_DN2610_c0_g4_i3:155-1492(-)	[]
INFO: line: 	HCC 1954	peptide	EYPDRIMNTF	hit in	HCC1954_trinity.Trinity.fasta.transdecoder.pep	TRINITY_DN2610_c0_g5_i1.p1	TRINITY_DN2610_c0_g5_i1.p1 TRINITY_DN2610_c0_g5~~TRINITY_DN2610_c0_g5_i1.p1  ORF type:3prime_partial len:281 (-),score=72.62,sp|Q13885|TBB2A_HUMAN|99.6|1.4e-150 TRINITY_DN2610_c0_g5_i1:1-777(-)	[]
INFO: line: 	HCC 1954	peptide	YPDRIMNTF	hit in	HCC1954_trinity.Trinity.fasta.transdecoder.pep	TRINITY_DN2610_c0_g5_i1.p1	TRINITY_DN2610_c0_g5_i1.p1 TRINITY_DN2610_c0_g5~~TRINITY_DN2610_c0_g5_i1.p1  ORF type:3prime_partial len:281 (-),score=72.62,sp|Q13885|TBB2A_HUMAN|99.6|1.4e-150 TRINITY_DN2610_c0_g5_i1:1-777(-)	[]
INFO: line: 	MDA-MB-453	peptide	LLDSSQKNLY	hit in	HCC1954_trinity.Trinity.fasta.transdecoder.pep	TRINITY_DN38921_c1_g3_i1.p1	TRINITY_DN38921_c1_g3_i1.p1 TRINITY_DN38921_c1_g3~~TRINITY_DN38921_c1_g3_i1.p1  ORF type:3prime_partial len:160 (-),score=33.89,sp|Q96BR6|ZN669_HUMAN|100.0|8.6e-76 TRINITY_DN38921_c1_g3_i1:3-479(-)	[]
INFO: line: 	MDA-MB-415	peptide	DNFLMGIGR	hit in	HCC1954_trinity.Trinity.fasta.transdecoder.pep	TRINITY_DN401_c0_g2_i1.p1	TRINITY_DN401_c0_g2_i1.p1 TRINITY_DN401_c0_g2~~TRINITY_DN401_c0_g2_i1.p1  ORF type:complete len:338 (+),score=52.10,sp|P48729|KC1A_HUMAN|100.0|2.6e-183 TRINITY_DN401_c0_g2_i1:265-1278(+)	[]
INFO: line: 	MDA-MB-415	peptide	DNFLMGIGR	hit in	HCC1954_trinity.Trinity.fasta.transdecoder.pep	TRINITY_DN401_c0_g2_i3.p1	TRINITY_DN401_c0_g2_i3.p1 TRINITY_DN401_c0_g2~~TRINITY_DN401_c0_g2_i3.p1  ORF type:complete len:326 (+),score=47.47,sp|P67827|KC1A_BOVIN|100.0|8.0e-177 TRINITY_DN401_c0_g2_i3:265-1242(+)	[]
INFO: line: 	MDA-MB-415	peptide	DNFLMGIGR	hit in	HCC1954_trinity.Trinity.fasta.transdecoder.pep	TRINITY_DN401_c0_g2_i4.p1	TRINITY_DN401_c0_g2_i4.p1 TRINITY_DN401_c0_g2~~TRINITY_DN401_c0_g2_i4.p1  ORF type:complete len:366 (+),score=60.25,sp|P48729|KC1A_HUMAN|92.3|9.5e-179 TRINITY_DN401_c0_g2_i4:265-1362(+)	[]
INFO: line: 	MDA-MB-415	peptide	DNFLMGIGR	hit in	HCC1954_trinity.Trinity.fasta.transdecoder.pep	TRINITY_DN401_c0_g2_i5.p1	TRINITY_DN401_c0_g2_i5.p1 TRINITY_DN401_c0_g2~~TRINITY_DN401_c0_g2_i5.p1  ORF type:complete len:354 (+),score=55.62,sp|P67827|KC1A_BOVIN|92.1|2.9e-172 TRINITY_DN401_c0_g2_i5:265-1326(+)	[]
INFO: line: 	HCC 1806	peptide	RQYLQEVGY	hit in	HCC1954_trinity.Trinity.fasta.transdecoder.pep	TRINITY_DN529_c0_g1_i1.p1	TRINITY_DN529_c0_g1_i1.p1 TRINITY_DN529_c0_g1~~TRINITY_DN529_c0_g1_i1.p1  ORF type:complete len:667 (+),score=112.70,sp|Q13033|STRN3_HUMAN|88.8|0.0e+00 TRINITY_DN529_c0_g1_i1:100-2001(+)	[]
INFO: line: 	HCC 1806	peptide	RQYLQEVGY	hit in	HCC1954_trinity.Trinity.fasta.transdecoder.pep	TRINITY_DN529_c0_g1_i3.p1	TRINITY_DN529_c0_g1_i3.p1 TRINITY_DN529_c0_g1~~TRINITY_DN529_c0_g1_i3.p1  ORF type:complete len:751 (+),score=138.50,sp|Q13033|STRN3_HUMAN|100.0|0.0e+00 TRINITY_DN529_c0_g1_i3:100-2253(+)	[]
