INFO: looking at: HCC_1806_trinity.Trinity.fasta.transdecoder.cds
INFO: translating sequences
INFO: line to peptide info
INFO: searching sequences
INFO: line: 	HCC 1954	peptide	EYPDRIMNTF	hit in	HCC_1806_trinity.Trinity.fasta.transdecoder.pep	TRINITY_DN1053_c0_g1_i12.p1	TRINITY_DN1053_c0_g1_i12.p1 TRINITY_DN1053_c0_g1~~TRINITY_DN1053_c0_g1_i12.p1  ORF type:complete len:475 (+),score=141.08,sp|Q2T9S0|TBB3_BOVIN|96.4|2.5e-256 TRINITY_DN1053_c0_g1_i12:74-1426(+)	[]
INFO: line: 	HCC 1954	peptide	YPDRIMNTF	hit in	HCC_1806_trinity.Trinity.fasta.transdecoder.pep	TRINITY_DN1053_c0_g1_i12.p1	TRINITY_DN1053_c0_g1_i12.p1 TRINITY_DN1053_c0_g1~~TRINITY_DN1053_c0_g1_i12.p1  ORF type:complete len:475 (+),score=141.08,sp|Q2T9S0|TBB3_BOVIN|96.4|2.5e-256 TRINITY_DN1053_c0_g1_i12:74-1426(+)	[]
INFO: line: 	HCC 1954	peptide	EYPDRIMNTF	hit in	HCC_1806_trinity.Trinity.fasta.transdecoder.pep	TRINITY_DN1053_c0_g1_i15.p1	TRINITY_DN1053_c0_g1_i15.p1 TRINITY_DN1053_c0_g1~~TRINITY_DN1053_c0_g1_i15.p1  ORF type:complete len:481 (+),score=134.91,sp|Q3MHM5|TBB4B_BOVIN|99.1|2.5e-259 TRINITY_DN1053_c0_g1_i15:92-1444(+)	[]
INFO: line: 	HCC 1954	peptide	YPDRIMNTF	hit in	HCC_1806_trinity.Trinity.fasta.transdecoder.pep	TRINITY_DN1053_c0_g1_i15.p1	TRINITY_DN1053_c0_g1_i15.p1 TRINITY_DN1053_c0_g1~~TRINITY_DN1053_c0_g1_i15.p1  ORF type:complete len:481 (+),score=134.91,sp|Q3MHM5|TBB4B_BOVIN|99.1|2.5e-259 TRINITY_DN1053_c0_g1_i15:92-1444(+)	[]
INFO: line: 	HCC 1954	peptide	EYPDRIMNTF	hit in	HCC_1806_trinity.Trinity.fasta.transdecoder.pep	TRINITY_DN1053_c0_g1_i18.p1	TRINITY_DN1053_c0_g1_i18.p1 TRINITY_DN1053_c0_g1~~TRINITY_DN1053_c0_g1_i18.p1  ORF type:complete len:481 (+),score=146.80,sp|Q2T9S0|TBB3_BOVIN|96.4|3.3e-256 TRINITY_DN1053_c0_g1_i18:92-1444(+)	[]
INFO: line: 	HCC 1954	peptide	YPDRIMNTF	hit in	HCC_1806_trinity.Trinity.fasta.transdecoder.pep	TRINITY_DN1053_c0_g1_i18.p1	TRINITY_DN1053_c0_g1_i18.p1 TRINITY_DN1053_c0_g1~~TRINITY_DN1053_c0_g1_i18.p1  ORF type:complete len:481 (+),score=146.80,sp|Q2T9S0|TBB3_BOVIN|96.4|3.3e-256 TRINITY_DN1053_c0_g1_i18:92-1444(+)	[]
INFO: line: 	HCC 1954	peptide	EYPDRIMNTF	hit in	HCC_1806_trinity.Trinity.fasta.transdecoder.pep	TRINITY_DN1053_c0_g1_i19.p1	TRINITY_DN1053_c0_g1_i19.p1 TRINITY_DN1053_c0_g1~~TRINITY_DN1053_c0_g1_i19.p1  ORF type:complete len:476 (+),score=131.66,sp|Q6B856|TBB2B_BOVIN|98.2|1.3e-260 TRINITY_DN1053_c0_g1_i19:92-1429(+)	[]
INFO: line: 	HCC 1954	peptide	YPDRIMNTF	hit in	HCC_1806_trinity.Trinity.fasta.transdecoder.pep	TRINITY_DN1053_c0_g1_i19.p1	TRINITY_DN1053_c0_g1_i19.p1 TRINITY_DN1053_c0_g1~~TRINITY_DN1053_c0_g1_i19.p1  ORF type:complete len:476 (+),score=131.66,sp|Q6B856|TBB2B_BOVIN|98.2|1.3e-260 TRINITY_DN1053_c0_g1_i19:92-1429(+)	[]
INFO: line: 	HCC 1954	peptide	EYPDRIMNTF	hit in	HCC_1806_trinity.Trinity.fasta.transdecoder.pep	TRINITY_DN1053_c0_g1_i2.p1	TRINITY_DN1053_c0_g1_i2.p1 TRINITY_DN1053_c0_g1~~TRINITY_DN1053_c0_g1_i2.p1  ORF type:complete len:414 (+),score=126.51,sp|Q6B856|TBB2B_BOVIN|97.3|4.6e-238 TRINITY_DN1053_c0_g1_i2:122-1243(+)	[]
INFO: line: 	HCC 1954	peptide	YPDRIMNTF	hit in	HCC_1806_trinity.Trinity.fasta.transdecoder.pep	TRINITY_DN1053_c0_g1_i2.p1	TRINITY_DN1053_c0_g1_i2.p1 TRINITY_DN1053_c0_g1~~TRINITY_DN1053_c0_g1_i2.p1  ORF type:complete len:414 (+),score=126.51,sp|Q6B856|TBB2B_BOVIN|97.3|4.6e-238 TRINITY_DN1053_c0_g1_i2:122-1243(+)	[]
INFO: line: 	HCC 1954	peptide	EYPDRIMNTF	hit in	HCC_1806_trinity.Trinity.fasta.transdecoder.pep	TRINITY_DN1053_c0_g1_i21.p1	TRINITY_DN1053_c0_g1_i21.p1 TRINITY_DN1053_c0_g1~~TRINITY_DN1053_c0_g1_i21.p1  ORF type:complete len:470 (+),score=130.85,sp|Q6B856|TBB2B_BOVIN|96.9|2.5e-256 TRINITY_DN1053_c0_g1_i21:74-1411(+)	[]
INFO: line: 	HCC 1954	peptide	YPDRIMNTF	hit in	HCC_1806_trinity.Trinity.fasta.transdecoder.pep	TRINITY_DN1053_c0_g1_i21.p1	TRINITY_DN1053_c0_g1_i21.p1 TRINITY_DN1053_c0_g1~~TRINITY_DN1053_c0_g1_i21.p1  ORF type:complete len:470 (+),score=130.85,sp|Q6B856|TBB2B_BOVIN|96.9|2.5e-256 TRINITY_DN1053_c0_g1_i21:74-1411(+)	[]
INFO: line: 	HCC 1954	peptide	EYPDRIMNTF	hit in	HCC_1806_trinity.Trinity.fasta.transdecoder.pep	TRINITY_DN1053_c0_g1_i3.p1	TRINITY_DN1053_c0_g1_i3.p1 TRINITY_DN1053_c0_g1~~TRINITY_DN1053_c0_g1_i3.p1  ORF type:3prime_partial len:354 (+),score=102.05,sp|Q3MHM5|TBB4B_BOVIN|97.2|2.8e-204 TRINITY_DN1053_c0_g1_i3:78-1136(+)	[]
INFO: line: 	HCC 1954	peptide	YPDRIMNTF	hit in	HCC_1806_trinity.Trinity.fasta.transdecoder.pep	TRINITY_DN1053_c0_g1_i3.p1	TRINITY_DN1053_c0_g1_i3.p1 TRINITY_DN1053_c0_g1~~TRINITY_DN1053_c0_g1_i3.p1  ORF type:3prime_partial len:354 (+),score=102.05,sp|Q3MHM5|TBB4B_BOVIN|97.2|2.8e-204 TRINITY_DN1053_c0_g1_i3:78-1136(+)	[]
INFO: line: 	HCC 1954	peptide	EYPDRIMNTF	hit in	HCC_1806_trinity.Trinity.fasta.transdecoder.pep	TRINITY_DN1053_c0_g1_i7.p1	TRINITY_DN1053_c0_g1_i7.p1 TRINITY_DN1053_c0_g1~~TRINITY_DN1053_c0_g1_i7.p1  ORF type:complete len:419 (+),score=129.76,sp|Q91575|TBB5_XENLA|98.3|2.3e-237 TRINITY_DN1053_c0_g1_i7:122-1258(+)	[]
INFO: line: 	HCC 1954	peptide	YPDRIMNTF	hit in	HCC_1806_trinity.Trinity.fasta.transdecoder.pep	TRINITY_DN1053_c0_g1_i7.p1	TRINITY_DN1053_c0_g1_i7.p1 TRINITY_DN1053_c0_g1~~TRINITY_DN1053_c0_g1_i7.p1  ORF type:complete len:419 (+),score=129.76,sp|Q91575|TBB5_XENLA|98.3|2.3e-237 TRINITY_DN1053_c0_g1_i7:122-1258(+)	[]
INFO: line: 	HCC 1954	peptide	EYPDRIMNTF	hit in	HCC_1806_trinity.Trinity.fasta.transdecoder.pep	TRINITY_DN1053_c0_g1_i9.p1	TRINITY_DN1053_c0_g1_i9.p1 TRINITY_DN1053_c0_g1~~TRINITY_DN1053_c0_g1_i9.p1  ORF type:complete len:476 (+),score=136.57,sp|Q6B856|TBB2B_BOVIN|95.5|1.8e-254 TRINITY_DN1053_c0_g1_i9:92-1429(+)	[]
INFO: line: 	HCC 1954	peptide	YPDRIMNTF	hit in	HCC_1806_trinity.Trinity.fasta.transdecoder.pep	TRINITY_DN1053_c0_g1_i9.p1	TRINITY_DN1053_c0_g1_i9.p1 TRINITY_DN1053_c0_g1~~TRINITY_DN1053_c0_g1_i9.p1  ORF type:complete len:476 (+),score=136.57,sp|Q6B856|TBB2B_BOVIN|95.5|1.8e-254 TRINITY_DN1053_c0_g1_i9:92-1429(+)	[]
INFO: line: 	HCC 1806	peptide	RQYLQEVGY	hit in	HCC_1806_trinity.Trinity.fasta.transdecoder.pep	TRINITY_DN1254_c0_g1_i1.p1	TRINITY_DN1254_c0_g1_i1.p1 TRINITY_DN1254_c0_g1~~TRINITY_DN1254_c0_g1_i1.p1  ORF type:complete len:742 (-),score=136.01,sp|Q13033|STRN3_HUMAN|99.7|0.0e+00 TRINITY_DN1254_c0_g1_i1:295-2520(-)	[]
INFO: line: 	HCC 1806	peptide	RQYLQEVGY	hit in	HCC_1806_trinity.Trinity.fasta.transdecoder.pep	TRINITY_DN1254_c0_g1_i2.p1	TRINITY_DN1254_c0_g1_i2.p1 TRINITY_DN1254_c0_g1~~TRINITY_DN1254_c0_g1_i2.p1  ORF type:complete len:658 (-),score=112.17,sp|Q13033|STRN3_HUMAN|88.4|0.0e+00 TRINITY_DN1254_c0_g1_i2:295-2268(-)	[]
INFO: line: 	HCC 1806	peptide	RQYLQEVGY	hit in	HCC_1806_trinity.Trinity.fasta.transdecoder.pep	TRINITY_DN1254_c0_g1_i3.p1	TRINITY_DN1254_c0_g1_i3.p1 TRINITY_DN1254_c0_g1~~TRINITY_DN1254_c0_g1_i3.p1  ORF type:complete len:705 (-),score=122.53,sp|Q13033|STRN3_HUMAN|94.6|0.0e+00 TRINITY_DN1254_c0_g1_i3:295-2409(-)	[]
INFO: line: 	HCC 1806	peptide	RQVTSSGVSY	hit in	HCC_1806_trinity.Trinity.fasta.transdecoder.pep	TRINITY_DN1716_c0_g1_i11.p1	TRINITY_DN1716_c0_g1_i11.p1 TRINITY_DN1716_c0_g1~~TRINITY_DN1716_c0_g1_i11.p1  ORF type:5prime_partial len:829 (-),score=139.30,sp|O94901|SUN1_HUMAN|88.7|0.0e+00 TRINITY_DN1716_c0_g1_i11:1457-3943(-)	[]
INFO: line: 	HCC 1806	peptide	RQVTSSGVSY	hit in	HCC_1806_trinity.Trinity.fasta.transdecoder.pep	TRINITY_DN1716_c0_g1_i2.p1	TRINITY_DN1716_c0_g1_i2.p1 TRINITY_DN1716_c0_g1~~TRINITY_DN1716_c0_g1_i2.p1  ORF type:5prime_partial len:759 (-),score=114.38,sp|O94901|SUN1_HUMAN|85.0|0.0e+00 TRINITY_DN1716_c0_g1_i2:44-2320(-)	[]
INFO: line: 	HCC 1806	peptide	RQVTSSGVSY	hit in	HCC_1806_trinity.Trinity.fasta.transdecoder.pep	TRINITY_DN1716_c0_g1_i3.p1	TRINITY_DN1716_c0_g1_i3.p1 TRINITY_DN1716_c0_g1~~TRINITY_DN1716_c0_g1_i3.p1  ORF type:5prime_partial len:866 (-),score=135.30,sp|O94901|SUN1_HUMAN|88.2|0.0e+00 TRINITY_DN1716_c0_g1_i3:1457-4054(-)	[]
INFO: line: 	HCC 1806	peptide	RQVTSSGVSY	hit in	HCC_1806_trinity.Trinity.fasta.transdecoder.pep	TRINITY_DN1716_c0_g1_i4.p1	TRINITY_DN1716_c0_g1_i4.p1 TRINITY_DN1716_c0_g1~~TRINITY_DN1716_c0_g1_i4.p1  ORF type:5prime_partial len:935 (-),score=144.63,sp|O94901|SUN1_HUMAN|88.5|0.0e+00 TRINITY_DN1716_c0_g1_i4:1457-4261(-)	[]
INFO: line: 	HCC 1806	peptide	RQVTSSGVSY	hit in	HCC_1806_trinity.Trinity.fasta.transdecoder.pep	TRINITY_DN1716_c0_g1_i9.p1	TRINITY_DN1716_c0_g1_i9.p1 TRINITY_DN1716_c0_g1~~TRINITY_DN1716_c0_g1_i9.p1  ORF type:5prime_partial len:898 (-),score=148.63,sp|O94901|SUN1_HUMAN|90.0|0.0e+00 TRINITY_DN1716_c0_g1_i9:1457-4150(-)	[]
INFO: line: 	HCC 1806	peptide	RQYLQEVGY	hit in	HCC_1806_trinity.Trinity.fasta.transdecoder.pep	TRINITY_DN22079_c0_g1_i1.p1	TRINITY_DN22079_c0_g1_i1.p1 TRINITY_DN22079_c0_g1~~TRINITY_DN22079_c0_g1_i1.p1  ORF type:5prime_partial len:740 (-),score=180.65,sp|O43815|STRN_HUMAN|99.9|0.0e+00 TRINITY_DN22079_c0_g1_i1:649-2868(-)	[]
INFO: line: 	HCC 1954	peptide	FEQEMATAA	hit in	HCC_1806_trinity.Trinity.fasta.transdecoder.pep	TRINITY_DN286_c0_g1_i1.p1	TRINITY_DN286_c0_g1_i1.p1 TRINITY_DN286_c0_g1~~TRINITY_DN286_c0_g1_i1.p1  ORF type:5prime_partial len:203 (-),score=63.10,sp|P53505|ACT5_XENLA|100.0|2.3e-113 TRINITY_DN286_c0_g1_i1:601-1209(-)	[]
INFO: line: 	HCC 1806	peptide	ESGPSIVHR	hit in	HCC_1806_trinity.Trinity.fasta.transdecoder.pep	TRINITY_DN286_c0_g1_i1.p1	TRINITY_DN286_c0_g1_i1.p1 TRINITY_DN286_c0_g1~~TRINITY_DN286_c0_g1_i1.p1  ORF type:5prime_partial len:203 (-),score=63.10,sp|P53505|ACT5_XENLA|100.0|2.3e-113 TRINITY_DN286_c0_g1_i1:601-1209(-)	[]
INFO: line: 	HCC 1954	peptide	FEQEMATAA	hit in	HCC_1806_trinity.Trinity.fasta.transdecoder.pep	TRINITY_DN286_c0_g1_i14.p1	TRINITY_DN286_c0_g1_i14.p1 TRINITY_DN286_c0_g1~~TRINITY_DN286_c0_g1_i14.p1  ORF type:complete len:406 (-),score=112.80,sp|P63258|ACTG_BOVIN|100.0|2.5e-220 TRINITY_DN286_c0_g1_i14:627-1709(-)	[]
INFO: line: 	HCC 1806	peptide	ESGPSIVHR	hit in	HCC_1806_trinity.Trinity.fasta.transdecoder.pep	TRINITY_DN286_c0_g1_i14.p1	TRINITY_DN286_c0_g1_i14.p1 TRINITY_DN286_c0_g1~~TRINITY_DN286_c0_g1_i14.p1  ORF type:complete len:406 (-),score=112.80,sp|P63258|ACTG_BOVIN|100.0|2.5e-220 TRINITY_DN286_c0_g1_i14:627-1709(-)	[]
INFO: line: 	HCC 1954	peptide	FEQEMATAA	hit in	HCC_1806_trinity.Trinity.fasta.transdecoder.pep	TRINITY_DN286_c0_g1_i18.p1	TRINITY_DN286_c0_g1_i18.p1 TRINITY_DN286_c0_g1~~TRINITY_DN286_c0_g1_i18.p1  ORF type:complete len:406 (-),score=113.33,sp|P63258|ACTG_BOVIN|100.0|2.5e-220 TRINITY_DN286_c0_g1_i18:751-1833(-)	[]
INFO: line: 	HCC 1806	peptide	ESGPSIVHR	hit in	HCC_1806_trinity.Trinity.fasta.transdecoder.pep	TRINITY_DN286_c0_g1_i18.p1	TRINITY_DN286_c0_g1_i18.p1 TRINITY_DN286_c0_g1~~TRINITY_DN286_c0_g1_i18.p1  ORF type:complete len:406 (-),score=113.33,sp|P63258|ACTG_BOVIN|100.0|2.5e-220 TRINITY_DN286_c0_g1_i18:751-1833(-)	[]
INFO: line: 	HCC 1954	peptide	FEQEMATAA	hit in	HCC_1806_trinity.Trinity.fasta.transdecoder.pep	TRINITY_DN286_c0_g1_i20.p1	TRINITY_DN286_c0_g1_i20.p1 TRINITY_DN286_c0_g1~~TRINITY_DN286_c0_g1_i20.p1  ORF type:complete len:409 (-),score=95.22,sp|P60712|ACTB_BOVIN|100.0|1.5e-220 TRINITY_DN286_c0_g1_i20:751-1833(-)	[]
INFO: line: 	HCC 1806	peptide	ESGPSIVHR	hit in	HCC_1806_trinity.Trinity.fasta.transdecoder.pep	TRINITY_DN286_c0_g1_i20.p1	TRINITY_DN286_c0_g1_i20.p1 TRINITY_DN286_c0_g1~~TRINITY_DN286_c0_g1_i20.p1  ORF type:complete len:409 (-),score=95.22,sp|P60712|ACTB_BOVIN|100.0|1.5e-220 TRINITY_DN286_c0_g1_i20:751-1833(-)	[]
INFO: line: 	HCC 1954	peptide	FEQEMATAA	hit in	HCC_1806_trinity.Trinity.fasta.transdecoder.pep	TRINITY_DN286_c0_g1_i22.p1	TRINITY_DN286_c0_g1_i22.p1 TRINITY_DN286_c0_g1~~TRINITY_DN286_c0_g1_i22.p1  ORF type:complete len:409 (-),score=104.77,sp|P60712|ACTB_BOVIN|100.0|1.5e-220 TRINITY_DN286_c0_g1_i22:627-1709(-)	[]
INFO: line: 	HCC 1806	peptide	ESGPSIVHR	hit in	HCC_1806_trinity.Trinity.fasta.transdecoder.pep	TRINITY_DN286_c0_g1_i22.p1	TRINITY_DN286_c0_g1_i22.p1 TRINITY_DN286_c0_g1~~TRINITY_DN286_c0_g1_i22.p1  ORF type:complete len:409 (-),score=104.77,sp|P60712|ACTB_BOVIN|100.0|1.5e-220 TRINITY_DN286_c0_g1_i22:627-1709(-)	[]
INFO: line: 	HCC 1954	peptide	FEQEMATAA	hit in	HCC_1806_trinity.Trinity.fasta.transdecoder.pep	TRINITY_DN286_c0_g1_i28.p1	TRINITY_DN286_c0_g1_i28.p1 TRINITY_DN286_c0_g1~~TRINITY_DN286_c0_g1_i28.p1  ORF type:complete len:420 (-),score=107.47,sp|P60712|ACTB_BOVIN|96.4|1.1e-215 TRINITY_DN286_c0_g1_i28:627-1742(-)	[]
INFO: line: 	HCC 1806	peptide	ESGPSIVHR	hit in	HCC_1806_trinity.Trinity.fasta.transdecoder.pep	TRINITY_DN286_c0_g1_i28.p1	TRINITY_DN286_c0_g1_i28.p1 TRINITY_DN286_c0_g1~~TRINITY_DN286_c0_g1_i28.p1  ORF type:complete len:420 (-),score=107.47,sp|P60712|ACTB_BOVIN|96.4|1.1e-215 TRINITY_DN286_c0_g1_i28:627-1742(-)	[]
INFO: line: 	MDA-MB-231	peptide	KYLDEDTIYHL	hit in	HCC_1806_trinity.Trinity.fasta.transdecoder.pep	TRINITY_DN403_c0_g1_i2.p1	TRINITY_DN403_c0_g1_i2.p1 TRINITY_DN403_c0_g1~~TRINITY_DN403_c0_g1_i2.p1  ORF type:complete len:327 (-),score=62.36,sp|P31153|METK2_HUMAN|100.0|1.5e-183 TRINITY_DN403_c0_g1_i2:145-1125(-)	[]
INFO: line: 	MDA-MB-231	peptide	KYLDEDTIYHL	hit in	HCC_1806_trinity.Trinity.fasta.transdecoder.pep	TRINITY_DN403_c0_g1_i6.p1	TRINITY_DN403_c0_g1_i6.p1 TRINITY_DN403_c0_g1~~TRINITY_DN403_c0_g1_i6.p1  ORF type:complete len:396 (-),score=82.32,sp|P31153|METK2_HUMAN|100.0|2.3e-231 TRINITY_DN403_c0_g1_i6:1642-2829(-)	[]
INFO: line: 	MDA-MB-231	peptide	KYLDEDTIYHL	hit in	HCC_1806_trinity.Trinity.fasta.transdecoder.pep	TRINITY_DN403_c0_g1_i8.p1	TRINITY_DN403_c0_g1_i8.p1 TRINITY_DN403_c0_g1~~TRINITY_DN403_c0_g1_i8.p1  ORF type:complete len:363 (-),score=72.51,sp|P31153|METK2_HUMAN|100.0|1.8e-209 TRINITY_DN403_c0_g1_i8:2376-3464(-)	[]
INFO: line: 	MDA-MB-415	peptide	DNFLMGIGR	hit in	HCC_1806_trinity.Trinity.fasta.transdecoder.pep	TRINITY_DN504_c0_g2_i1.p1	TRINITY_DN504_c0_g2_i1.p1 TRINITY_DN504_c0_g2~~TRINITY_DN504_c0_g2_i1.p1  ORF type:complete len:354 (-),score=53.61,sp|P67827|KC1A_BOVIN|92.1|2.9e-172 TRINITY_DN504_c0_g2_i1:742-1803(-)	[]
INFO: line: 	MDA-MB-415	peptide	DNFLMGIGR	hit in	HCC_1806_trinity.Trinity.fasta.transdecoder.pep	TRINITY_DN504_c0_g2_i2.p1	TRINITY_DN504_c0_g2_i2.p1 TRINITY_DN504_c0_g2~~TRINITY_DN504_c0_g2_i2.p1  ORF type:complete len:366 (-),score=58.18,sp|P48729|KC1A_HUMAN|92.3|9.5e-179 TRINITY_DN504_c0_g2_i2:742-1839(-)	[]
INFO: line: 	MDA-MB-415	peptide	DNFLMGIGR	hit in	HCC_1806_trinity.Trinity.fasta.transdecoder.pep	TRINITY_DN504_c0_g2_i3.p1	TRINITY_DN504_c0_g2_i3.p1 TRINITY_DN504_c0_g2~~TRINITY_DN504_c0_g2_i3.p1  ORF type:complete len:338 (-),score=51.15,sp|P48729|KC1A_HUMAN|100.0|2.6e-183 TRINITY_DN504_c0_g2_i3:742-1755(-)	[]
INFO: line: 	MDA-MB-415	peptide	DNFLMGIGR	hit in	HCC_1806_trinity.Trinity.fasta.transdecoder.pep	TRINITY_DN504_c0_g2_i5.p1	TRINITY_DN504_c0_g2_i5.p1 TRINITY_DN504_c0_g2~~TRINITY_DN504_c0_g2_i5.p1  ORF type:complete len:326 (-),score=46.58,sp|P67827|KC1A_BOVIN|100.0|8.0e-177 TRINITY_DN504_c0_g2_i5:742-1719(-)	[]
