INFO: looking at: MDAMB453_trinity.Trinity.fasta.transdecoder.cds
INFO: translating sequences
INFO: line to peptide info
INFO: searching sequences
INFO: line: 	HCC 1954	peptide	YPDRIMNTF	hit in	MDAMB453_trinity.Trinity.fasta.transdecoder.pep	TRINITY_DN14948_c1_g4_i2.p1	TRINITY_DN14948_c1_g4_i2.p1 TRINITY_DN14948_c1_g4~~TRINITY_DN14948_c1_g4_i2.p1  ORF type:3prime_partial len:327 (+),score=72.69,sp|Q13885|TBB2A_HUMAN|94.0|3.4e-151 TRINITY_DN14948_c1_g4_i2:531-1508(+)	[]
INFO: line: 	HCC 1954	peptide	EYPDRIMNTF	hit in	MDAMB453_trinity.Trinity.fasta.transdecoder.pep	TRINITY_DN14948_c1_g4_i2.p1	TRINITY_DN14948_c1_g4_i2.p1 TRINITY_DN14948_c1_g4~~TRINITY_DN14948_c1_g4_i2.p1  ORF type:3prime_partial len:327 (+),score=72.69,sp|Q13885|TBB2A_HUMAN|94.0|3.4e-151 TRINITY_DN14948_c1_g4_i2:531-1508(+)	[]
INFO: line: 	HCC 1954	peptide	YPDRIMNTF	hit in	MDAMB453_trinity.Trinity.fasta.transdecoder.pep	TRINITY_DN14948_c1_g4_i3.p1	TRINITY_DN14948_c1_g4_i3.p1 TRINITY_DN14948_c1_g4~~TRINITY_DN14948_c1_g4_i3.p1  ORF type:3prime_partial len:325 (+),score=88.15,sp|Q13885|TBB2A_HUMAN|100.0|1.9e-170 TRINITY_DN14948_c1_g4_i3:104-973(+)	[]
INFO: line: 	HCC 1954	peptide	EYPDRIMNTF	hit in	MDAMB453_trinity.Trinity.fasta.transdecoder.pep	TRINITY_DN14948_c1_g4_i3.p1	TRINITY_DN14948_c1_g4_i3.p1 TRINITY_DN14948_c1_g4~~TRINITY_DN14948_c1_g4_i3.p1  ORF type:3prime_partial len:325 (+),score=88.15,sp|Q13885|TBB2A_HUMAN|100.0|1.9e-170 TRINITY_DN14948_c1_g4_i3:104-973(+)	[]
INFO: line: 	MDA-MB-231	peptide	KYLDEDTIYHL	hit in	MDAMB453_trinity.Trinity.fasta.transdecoder.pep	TRINITY_DN201_c0_g1_i1.p1	TRINITY_DN201_c0_g1_i1.p1 TRINITY_DN201_c0_g1~~TRINITY_DN201_c0_g1_i1.p1  ORF type:complete len:268 (+),score=58.52,sp|P31153|METK2_HUMAN|100.0|1.2e-146 TRINITY_DN201_c0_g1_i1:142-945(+)	[]
INFO: line: 	MDA-MB-231	peptide	KYLDEDTIYHL	hit in	MDAMB453_trinity.Trinity.fasta.transdecoder.pep	TRINITY_DN201_c0_g1_i15.p1	TRINITY_DN201_c0_g1_i15.p1 TRINITY_DN201_c0_g1~~TRINITY_DN201_c0_g1_i15.p1  ORF type:complete len:237 (+),score=34.49,sp|P31153|METK2_HUMAN|100.0|7.9e-126 TRINITY_DN201_c0_g1_i15:2465-3175(+)	[]
INFO: line: 	MDA-MB-231	peptide	KYLDEDTIYHL	hit in	MDAMB453_trinity.Trinity.fasta.transdecoder.pep	TRINITY_DN201_c0_g1_i20.p1	TRINITY_DN201_c0_g1_i20.p1 TRINITY_DN201_c0_g1~~TRINITY_DN201_c0_g1_i20.p1  ORF type:complete len:131 (+),score=19.44,sp|P31153|METK2_HUMAN|100.0|2.1e-64 TRINITY_DN201_c0_g1_i20:891-1283(+)	[]
INFO: line: 	MDA-MB-231	peptide	KYLDEDTIYHL	hit in	MDAMB453_trinity.Trinity.fasta.transdecoder.pep	TRINITY_DN201_c0_g1_i23.p1	TRINITY_DN201_c0_g1_i23.p1 TRINITY_DN201_c0_g1~~TRINITY_DN201_c0_g1_i23.p1  ORF type:complete len:268 (+),score=58.52,sp|P31153|METK2_HUMAN|100.0|1.2e-146 TRINITY_DN201_c0_g1_i23:142-945(+)	[]
INFO: line: 	MDA-MB-231	peptide	KYLDEDTIYHL	hit in	MDAMB453_trinity.Trinity.fasta.transdecoder.pep	TRINITY_DN201_c0_g1_i32.p1	TRINITY_DN201_c0_g1_i32.p1 TRINITY_DN201_c0_g1~~TRINITY_DN201_c0_g1_i32.p1  ORF type:complete len:327 (+),score=63.35,sp|P31153|METK2_HUMAN|100.0|1.5e-183 TRINITY_DN201_c0_g1_i32:142-1122(+)	[]
INFO: line: 	MDA-MB-231	peptide	KYLDEDTIYHL	hit in	MDAMB453_trinity.Trinity.fasta.transdecoder.pep	TRINITY_DN201_c0_g1_i35.p2	TRINITY_DN201_c0_g1_i35.p2 TRINITY_DN201_c0_g1~~TRINITY_DN201_c0_g1_i35.p2  ORF type:complete len:187 (+),score=30.78,sp|P31153|METK2_HUMAN|99.4|1.9e-98 TRINITY_DN201_c0_g1_i35:852-1412(+)	[]
INFO: line: 	MDA-MB-231	peptide	KYLDEDTIYHL	hit in	MDAMB453_trinity.Trinity.fasta.transdecoder.pep	TRINITY_DN201_c0_g1_i53.p1	TRINITY_DN201_c0_g1_i53.p1 TRINITY_DN201_c0_g1~~TRINITY_DN201_c0_g1_i53.p1  ORF type:complete len:396 (+),score=81.38,sp|P31153|METK2_HUMAN|100.0|2.3e-231 TRINITY_DN201_c0_g1_i53:142-1329(+)	[]
INFO: line: 	MDA-MB-231	peptide	KYLDEDTIYHL	hit in	MDAMB453_trinity.Trinity.fasta.transdecoder.pep	TRINITY_DN201_c0_g1_i55.p1	TRINITY_DN201_c0_g1_i55.p1 TRINITY_DN201_c0_g1~~TRINITY_DN201_c0_g1_i55.p1  ORF type:complete len:363 (+),score=72.82,sp|P31153|METK2_HUMAN|100.0|1.8e-209 TRINITY_DN201_c0_g1_i55:142-1230(+)	[]
INFO: line: 	MDA-MB-231	peptide	KYLDEDTIYHL	hit in	MDAMB453_trinity.Trinity.fasta.transdecoder.pep	TRINITY_DN201_c0_g1_i56.p1	TRINITY_DN201_c0_g1_i56.p1 TRINITY_DN201_c0_g1~~TRINITY_DN201_c0_g1_i56.p1  ORF type:complete len:268 (+),score=58.52,sp|P31153|METK2_HUMAN|100.0|1.2e-146 TRINITY_DN201_c0_g1_i56:142-945(+)	[]
INFO: line: 	MDA-MB-231	peptide	KYLDEDTIYHL	hit in	MDAMB453_trinity.Trinity.fasta.transdecoder.pep	TRINITY_DN201_c0_g1_i57.p2	TRINITY_DN201_c0_g1_i57.p2 TRINITY_DN201_c0_g1~~TRINITY_DN201_c0_g1_i57.p2  ORF type:complete len:151 (+),score=21.31,sp|P31153|METK2_HUMAN|99.3|1.1e-72 TRINITY_DN201_c0_g1_i57:852-1304(+)	[]
INFO: line: 	MDA-MB-231	peptide	KYLDEDTIYHL	hit in	MDAMB453_trinity.Trinity.fasta.transdecoder.pep	TRINITY_DN201_c0_g1_i60.p1	TRINITY_DN201_c0_g1_i60.p1 TRINITY_DN201_c0_g1~~TRINITY_DN201_c0_g1_i60.p1  ORF type:complete len:363 (+),score=72.82,sp|P31153|METK2_HUMAN|100.0|1.8e-209 TRINITY_DN201_c0_g1_i60:142-1230(+)	[]
INFO: line: 	MDA-MB-231	peptide	KYLDEDTIYHL	hit in	MDAMB453_trinity.Trinity.fasta.transdecoder.pep	TRINITY_DN201_c0_g1_i71.p1	TRINITY_DN201_c0_g1_i71.p1 TRINITY_DN201_c0_g1~~TRINITY_DN201_c0_g1_i71.p1  ORF type:complete len:220 (+),score=39.34,sp|P31153|METK2_HUMAN|99.5|2.7e-120 TRINITY_DN201_c0_g1_i71:852-1511(+)	[]
INFO: line: 	MDA-MB-231	peptide	KYLDEDTIYHL	hit in	MDAMB453_trinity.Trinity.fasta.transdecoder.pep	TRINITY_DN201_c0_g1_i73.p2	TRINITY_DN201_c0_g1_i73.p2 TRINITY_DN201_c0_g1~~TRINITY_DN201_c0_g1_i73.p2  ORF type:complete len:187 (+),score=30.78,sp|P31153|METK2_HUMAN|99.4|1.9e-98 TRINITY_DN201_c0_g1_i73:852-1412(+)	[]
INFO: line: 	MDA-MB-231	peptide	KYLDEDTIYHL	hit in	MDAMB453_trinity.Trinity.fasta.transdecoder.pep	TRINITY_DN201_c0_g1_i8.p1	TRINITY_DN201_c0_g1_i8.p1 TRINITY_DN201_c0_g1~~TRINITY_DN201_c0_g1_i8.p1  ORF type:complete len:268 (+),score=58.52,sp|P31153|METK2_HUMAN|100.0|1.2e-146 TRINITY_DN201_c0_g1_i8:142-945(+)	[]
INFO: line: 	MDA-MB-231	peptide	KYLDEDTIYHL	hit in	MDAMB453_trinity.Trinity.fasta.transdecoder.pep	TRINITY_DN201_c0_g1_i80.p1	TRINITY_DN201_c0_g1_i80.p1 TRINITY_DN201_c0_g1~~TRINITY_DN201_c0_g1_i80.p1  ORF type:complete len:190 (+),score=24.28,sp|P31153|METK2_HUMAN|100.0|2.4e-101 TRINITY_DN201_c0_g1_i80:891-1460(+)	[]
INFO: line: 	MDA-MB-231	peptide	KYLDEDTIYHL	hit in	MDAMB453_trinity.Trinity.fasta.transdecoder.pep	TRINITY_DN201_c0_g1_i86.p1	TRINITY_DN201_c0_g1_i86.p1 TRINITY_DN201_c0_g1~~TRINITY_DN201_c0_g1_i86.p1  ORF type:complete len:190 (+),score=24.28,sp|P31153|METK2_HUMAN|100.0|2.4e-101 TRINITY_DN201_c0_g1_i86:636-1205(+)	[]
INFO: line: 	HCC 1954	peptide	YPDRIMNTF	hit in	MDAMB453_trinity.Trinity.fasta.transdecoder.pep	TRINITY_DN289_c0_g2_i1.p1	TRINITY_DN289_c0_g2_i1.p1 TRINITY_DN289_c0_g2~~TRINITY_DN289_c0_g2_i1.p1  ORF type:complete len:446 (-),score=146.08,sp|Q3MHM5|TBB4B_BOVIN|98.4|2.7e-260 TRINITY_DN289_c0_g2_i1:174-1511(-)	[]
INFO: line: 	HCC 1954	peptide	EYPDRIMNTF	hit in	MDAMB453_trinity.Trinity.fasta.transdecoder.pep	TRINITY_DN289_c0_g2_i1.p1	TRINITY_DN289_c0_g2_i1.p1 TRINITY_DN289_c0_g2~~TRINITY_DN289_c0_g2_i1.p1  ORF type:complete len:446 (-),score=146.08,sp|Q3MHM5|TBB4B_BOVIN|98.4|2.7e-260 TRINITY_DN289_c0_g2_i1:174-1511(-)	[]
INFO: line: 	HCC 1954	peptide	YPDRIMNTF	hit in	MDAMB453_trinity.Trinity.fasta.transdecoder.pep	TRINITY_DN289_c0_g2_i2.p1	TRINITY_DN289_c0_g2_i2.p1 TRINITY_DN289_c0_g2~~TRINITY_DN289_c0_g2_i2.p1  ORF type:complete len:445 (-),score=138.81,sp|Q2KJD0|TBB5_BOVIN|100.0|2.9e-262 TRINITY_DN289_c0_g2_i2:1028-2362(-)	[]
INFO: line: 	HCC 1954	peptide	EYPDRIMNTF	hit in	MDAMB453_trinity.Trinity.fasta.transdecoder.pep	TRINITY_DN289_c0_g2_i2.p1	TRINITY_DN289_c0_g2_i2.p1 TRINITY_DN289_c0_g2~~TRINITY_DN289_c0_g2_i2.p1  ORF type:complete len:445 (-),score=138.81,sp|Q2KJD0|TBB5_BOVIN|100.0|2.9e-262 TRINITY_DN289_c0_g2_i2:1028-2362(-)	[]
INFO: line: 	HCC 1954	peptide	YPDRIMNTF	hit in	MDAMB453_trinity.Trinity.fasta.transdecoder.pep	TRINITY_DN289_c0_g3_i1.p1	TRINITY_DN289_c0_g3_i1.p1 TRINITY_DN289_c0_g3~~TRINITY_DN289_c0_g3_i1.p1  ORF type:complete len:446 (-),score=139.27,sp|Q3MHM5|TBB4B_BOVIN|100.0|9.9e-263 TRINITY_DN289_c0_g3_i1:174-1511(-)	[]
INFO: line: 	HCC 1954	peptide	EYPDRIMNTF	hit in	MDAMB453_trinity.Trinity.fasta.transdecoder.pep	TRINITY_DN289_c0_g3_i1.p1	TRINITY_DN289_c0_g3_i1.p1 TRINITY_DN289_c0_g3~~TRINITY_DN289_c0_g3_i1.p1  ORF type:complete len:446 (-),score=139.27,sp|Q3MHM5|TBB4B_BOVIN|100.0|9.9e-263 TRINITY_DN289_c0_g3_i1:174-1511(-)	[]
INFO: line: 	MDA-MB-453	peptide	LLDSSQKNLY	hit in	MDAMB453_trinity.Trinity.fasta.transdecoder.pep	TRINITY_DN3049_c1_g1_i1.p1	TRINITY_DN3049_c1_g1_i1.p1 TRINITY_DN3049_c1_g1~~TRINITY_DN3049_c1_g1_i1.p1  ORF type:3prime_partial len:231 (+),score=48.85,sp|Q96BR6|ZN669_HUMAN|100.0|1.2e-75 TRINITY_DN3049_c1_g1_i1:184-873(+)	[]
INFO: line: 	MDA-MB-453	peptide	LLDSSQKNLY	hit in	MDAMB453_trinity.Trinity.fasta.transdecoder.pep	TRINITY_DN3049_c1_g1_i2.p1	TRINITY_DN3049_c1_g1_i2.p1 TRINITY_DN3049_c1_g1~~TRINITY_DN3049_c1_g1_i2.p1  ORF type:3prime_partial len:345 (+),score=59.27,sp|Q96BR6|ZN669_HUMAN|100.0|1.9e-75 TRINITY_DN3049_c1_g1_i2:184-1215(+)	[]
INFO: line: 	HCC 1806	peptide	ESGPSIVHR	hit in	MDAMB453_trinity.Trinity.fasta.transdecoder.pep	TRINITY_DN418_c0_g1_i14.p1	TRINITY_DN418_c0_g1_i14.p1 TRINITY_DN418_c0_g1~~TRINITY_DN418_c0_g1_i14.p1  ORF type:3prime_partial len:376 (+),score=95.61,sp|P60712|ACTB_BOVIN|96.8|3.0e-212 TRINITY_DN418_c0_g1_i14:248-1372(+)	[]
INFO: line: 	HCC 1954	peptide	FEQEMATAA	hit in	MDAMB453_trinity.Trinity.fasta.transdecoder.pep	TRINITY_DN418_c0_g1_i14.p1	TRINITY_DN418_c0_g1_i14.p1 TRINITY_DN418_c0_g1~~TRINITY_DN418_c0_g1_i14.p1  ORF type:3prime_partial len:376 (+),score=95.61,sp|P60712|ACTB_BOVIN|96.8|3.0e-212 TRINITY_DN418_c0_g1_i14:248-1372(+)	[]
INFO: line: 	HCC 1806	peptide	ESGPSIVHR	hit in	MDAMB453_trinity.Trinity.fasta.transdecoder.pep	TRINITY_DN418_c0_g1_i18.p1	TRINITY_DN418_c0_g1_i18.p1 TRINITY_DN418_c0_g1~~TRINITY_DN418_c0_g1_i18.p1  ORF type:complete len:254 (+),score=77.95,sp|P53505|ACT5_XENLA|100.0|2.4e-144 TRINITY_DN418_c0_g1_i18:901-1662(+)	[]
INFO: line: 	HCC 1954	peptide	FEQEMATAA	hit in	MDAMB453_trinity.Trinity.fasta.transdecoder.pep	TRINITY_DN418_c0_g1_i18.p1	TRINITY_DN418_c0_g1_i18.p1 TRINITY_DN418_c0_g1~~TRINITY_DN418_c0_g1_i18.p1  ORF type:complete len:254 (+),score=77.95,sp|P53505|ACT5_XENLA|100.0|2.4e-144 TRINITY_DN418_c0_g1_i18:901-1662(+)	[]
INFO: line: 	HCC 1806	peptide	ESGPSIVHR	hit in	MDAMB453_trinity.Trinity.fasta.transdecoder.pep	TRINITY_DN418_c0_g1_i21.p1	TRINITY_DN418_c0_g1_i21.p1 TRINITY_DN418_c0_g1~~TRINITY_DN418_c0_g1_i21.p1  ORF type:complete len:254 (+),score=73.21,sp|P53505|ACT5_XENLA|100.0|2.4e-144 TRINITY_DN418_c0_g1_i21:906-1667(+)	[]
INFO: line: 	HCC 1954	peptide	FEQEMATAA	hit in	MDAMB453_trinity.Trinity.fasta.transdecoder.pep	TRINITY_DN418_c0_g1_i21.p1	TRINITY_DN418_c0_g1_i21.p1 TRINITY_DN418_c0_g1~~TRINITY_DN418_c0_g1_i21.p1  ORF type:complete len:254 (+),score=73.21,sp|P53505|ACT5_XENLA|100.0|2.4e-144 TRINITY_DN418_c0_g1_i21:906-1667(+)	[]
INFO: line: 	HCC 1806	peptide	ESGPSIVHR	hit in	MDAMB453_trinity.Trinity.fasta.transdecoder.pep	TRINITY_DN418_c0_g1_i22.p1	TRINITY_DN418_c0_g1_i22.p1 TRINITY_DN418_c0_g1~~TRINITY_DN418_c0_g1_i22.p1  ORF type:complete len:408 (+),score=92.33,sp|P60712|ACTB_BOVIN|96.8|1.5e-212 TRINITY_DN418_c0_g1_i22:144-1226(+)	[]
INFO: line: 	HCC 1954	peptide	FEQEMATAA	hit in	MDAMB453_trinity.Trinity.fasta.transdecoder.pep	TRINITY_DN418_c0_g1_i22.p1	TRINITY_DN418_c0_g1_i22.p1 TRINITY_DN418_c0_g1~~TRINITY_DN418_c0_g1_i22.p1  ORF type:complete len:408 (+),score=92.33,sp|P60712|ACTB_BOVIN|96.8|1.5e-212 TRINITY_DN418_c0_g1_i22:144-1226(+)	[]
INFO: line: 	HCC 1806	peptide	ESGPSIVHR	hit in	MDAMB453_trinity.Trinity.fasta.transdecoder.pep	TRINITY_DN418_c0_g1_i24.p1	TRINITY_DN418_c0_g1_i24.p1 TRINITY_DN418_c0_g1~~TRINITY_DN418_c0_g1_i24.p1  ORF type:complete len:400 (+),score=106.49,sp|P60712|ACTB_BOVIN|95.2|7.7e-206 TRINITY_DN418_c0_g1_i24:144-1202(+)	[]
INFO: line: 	HCC 1954	peptide	FEQEMATAA	hit in	MDAMB453_trinity.Trinity.fasta.transdecoder.pep	TRINITY_DN418_c0_g1_i24.p1	TRINITY_DN418_c0_g1_i24.p1 TRINITY_DN418_c0_g1~~TRINITY_DN418_c0_g1_i24.p1  ORF type:complete len:400 (+),score=106.49,sp|P60712|ACTB_BOVIN|95.2|7.7e-206 TRINITY_DN418_c0_g1_i24:144-1202(+)	[]
INFO: line: 	HCC 1806	peptide	ESGPSIVHR	hit in	MDAMB453_trinity.Trinity.fasta.transdecoder.pep	TRINITY_DN418_c0_g1_i29.p1	TRINITY_DN418_c0_g1_i29.p1 TRINITY_DN418_c0_g1~~TRINITY_DN418_c0_g1_i29.p1  ORF type:complete len:254 (+),score=77.95,sp|P53505|ACT5_XENLA|100.0|2.4e-144 TRINITY_DN418_c0_g1_i29:906-1667(+)	[]
INFO: line: 	HCC 1954	peptide	FEQEMATAA	hit in	MDAMB453_trinity.Trinity.fasta.transdecoder.pep	TRINITY_DN418_c0_g1_i29.p1	TRINITY_DN418_c0_g1_i29.p1 TRINITY_DN418_c0_g1~~TRINITY_DN418_c0_g1_i29.p1  ORF type:complete len:254 (+),score=77.95,sp|P53505|ACT5_XENLA|100.0|2.4e-144 TRINITY_DN418_c0_g1_i29:906-1667(+)	[]
INFO: line: 	HCC 1806	peptide	ESGPSIVHR	hit in	MDAMB453_trinity.Trinity.fasta.transdecoder.pep	TRINITY_DN418_c0_g1_i3.p1	TRINITY_DN418_c0_g1_i3.p1 TRINITY_DN418_c0_g1~~TRINITY_DN418_c0_g1_i3.p1  ORF type:3prime_partial len:376 (+),score=98.07,sp|P60712|ACTB_BOVIN|100.0|3.0e-220 TRINITY_DN418_c0_g1_i3:248-1372(+)	[]
INFO: line: 	HCC 1954	peptide	FEQEMATAA	hit in	MDAMB453_trinity.Trinity.fasta.transdecoder.pep	TRINITY_DN418_c0_g1_i3.p1	TRINITY_DN418_c0_g1_i3.p1 TRINITY_DN418_c0_g1~~TRINITY_DN418_c0_g1_i3.p1  ORF type:3prime_partial len:376 (+),score=98.07,sp|P60712|ACTB_BOVIN|100.0|3.0e-220 TRINITY_DN418_c0_g1_i3:248-1372(+)	[]
INFO: line: 	HCC 1806	peptide	ESGPSIVHR	hit in	MDAMB453_trinity.Trinity.fasta.transdecoder.pep	TRINITY_DN418_c0_g1_i34.p1	TRINITY_DN418_c0_g1_i34.p1 TRINITY_DN418_c0_g1~~TRINITY_DN418_c0_g1_i34.p1  ORF type:complete len:408 (+),score=102.39,sp|P60712|ACTB_BOVIN|100.0|1.5e-220 TRINITY_DN418_c0_g1_i34:144-1226(+)	[]
INFO: line: 	HCC 1954	peptide	FEQEMATAA	hit in	MDAMB453_trinity.Trinity.fasta.transdecoder.pep	TRINITY_DN418_c0_g1_i34.p1	TRINITY_DN418_c0_g1_i34.p1 TRINITY_DN418_c0_g1~~TRINITY_DN418_c0_g1_i34.p1  ORF type:complete len:408 (+),score=102.39,sp|P60712|ACTB_BOVIN|100.0|1.5e-220 TRINITY_DN418_c0_g1_i34:144-1226(+)	[]
INFO: line: 	HCC 1806	peptide	ESGPSIVHR	hit in	MDAMB453_trinity.Trinity.fasta.transdecoder.pep	TRINITY_DN418_c0_g1_i4.p1	TRINITY_DN418_c0_g1_i4.p1 TRINITY_DN418_c0_g1~~TRINITY_DN418_c0_g1_i4.p1  ORF type:complete len:408 (+),score=107.13,sp|P60712|ACTB_BOVIN|100.0|1.5e-220 TRINITY_DN418_c0_g1_i4:144-1226(+)	[]
INFO: line: 	HCC 1954	peptide	FEQEMATAA	hit in	MDAMB453_trinity.Trinity.fasta.transdecoder.pep	TRINITY_DN418_c0_g1_i4.p1	TRINITY_DN418_c0_g1_i4.p1 TRINITY_DN418_c0_g1~~TRINITY_DN418_c0_g1_i4.p1  ORF type:complete len:408 (+),score=107.13,sp|P60712|ACTB_BOVIN|100.0|1.5e-220 TRINITY_DN418_c0_g1_i4:144-1226(+)	[]
INFO: line: 	HCC 1806	peptide	ESGPSIVHR	hit in	MDAMB453_trinity.Trinity.fasta.transdecoder.pep	TRINITY_DN418_c0_g1_i5.p1	TRINITY_DN418_c0_g1_i5.p1 TRINITY_DN418_c0_g1~~TRINITY_DN418_c0_g1_i5.p1  ORF type:complete len:254 (+),score=75.42,sp|P53505|ACT5_XENLA|100.0|2.4e-144 TRINITY_DN418_c0_g1_i5:736-1497(+)	[]
INFO: line: 	HCC 1954	peptide	FEQEMATAA	hit in	MDAMB453_trinity.Trinity.fasta.transdecoder.pep	TRINITY_DN418_c0_g1_i5.p1	TRINITY_DN418_c0_g1_i5.p1 TRINITY_DN418_c0_g1~~TRINITY_DN418_c0_g1_i5.p1  ORF type:complete len:254 (+),score=75.42,sp|P53505|ACT5_XENLA|100.0|2.4e-144 TRINITY_DN418_c0_g1_i5:736-1497(+)	[]
INFO: line: 	HCC 1806	peptide	ESGPSIVHR	hit in	MDAMB453_trinity.Trinity.fasta.transdecoder.pep	TRINITY_DN418_c0_g1_i7.p1	TRINITY_DN418_c0_g1_i7.p1 TRINITY_DN418_c0_g1~~TRINITY_DN418_c0_g1_i7.p1  ORF type:complete len:407 (+),score=108.17,sp|P63258|ACTG_BOVIN|100.0|2.5e-220 TRINITY_DN418_c0_g1_i7:139-1221(+)	[]
INFO: line: 	HCC 1954	peptide	FEQEMATAA	hit in	MDAMB453_trinity.Trinity.fasta.transdecoder.pep	TRINITY_DN418_c0_g1_i7.p1	TRINITY_DN418_c0_g1_i7.p1 TRINITY_DN418_c0_g1~~TRINITY_DN418_c0_g1_i7.p1  ORF type:complete len:407 (+),score=108.17,sp|P63258|ACTG_BOVIN|100.0|2.5e-220 TRINITY_DN418_c0_g1_i7:139-1221(+)	[]
INFO: line: 	MDA-MB-415	peptide	DNFLMGIGR	hit in	MDAMB453_trinity.Trinity.fasta.transdecoder.pep	TRINITY_DN495_c0_g1_i1.p1	TRINITY_DN495_c0_g1_i1.p1 TRINITY_DN495_c0_g1~~TRINITY_DN495_c0_g1_i1.p1  ORF type:complete len:337 (+),score=51.63,sp|P48729|KC1A_HUMAN|100.0|2.2e-182 TRINITY_DN495_c0_g1_i1:527-1537(+)	[]
INFO: line: 	MDA-MB-415	peptide	DNFLMGIGR	hit in	MDAMB453_trinity.Trinity.fasta.transdecoder.pep	TRINITY_DN495_c0_g1_i2.p1	TRINITY_DN495_c0_g1_i2.p1 TRINITY_DN495_c0_g1~~TRINITY_DN495_c0_g1_i2.p1  ORF type:complete len:366 (+),score=60.03,sp|P48729|KC1A_HUMAN|92.3|9.5e-179 TRINITY_DN495_c0_g1_i2:527-1624(+)	[]
INFO: line: 	MDA-MB-415	peptide	DNFLMGIGR	hit in	MDAMB453_trinity.Trinity.fasta.transdecoder.pep	TRINITY_DN495_c0_g1_i3.p1	TRINITY_DN495_c0_g1_i3.p1 TRINITY_DN495_c0_g1~~TRINITY_DN495_c0_g1_i3.p1  ORF type:complete len:338 (+),score=51.79,sp|P48729|KC1A_HUMAN|100.0|2.6e-183 TRINITY_DN495_c0_g1_i3:527-1540(+)	[]
INFO: line: 	MDA-MB-415	peptide	DNFLMGIGR	hit in	MDAMB453_trinity.Trinity.fasta.transdecoder.pep	TRINITY_DN495_c0_g1_i5.p1	TRINITY_DN495_c0_g1_i5.p1 TRINITY_DN495_c0_g1~~TRINITY_DN495_c0_g1_i5.p1  ORF type:complete len:354 (+),score=54.81,sp|P67827|KC1A_BOVIN|92.1|2.9e-172 TRINITY_DN495_c0_g1_i5:527-1588(+)	[]
INFO: line: 	MDA-MB-415	peptide	DNFLMGIGR	hit in	MDAMB453_trinity.Trinity.fasta.transdecoder.pep	TRINITY_DN495_c0_g1_i6.p1	TRINITY_DN495_c0_g1_i6.p1 TRINITY_DN495_c0_g1~~TRINITY_DN495_c0_g1_i6.p1  ORF type:complete len:326 (+),score=46.57,sp|P67827|KC1A_BOVIN|100.0|8.0e-177 TRINITY_DN495_c0_g1_i6:527-1504(+)	[]
INFO: line: 	HCC 1806	peptide	RQYLQEVGY	hit in	MDAMB453_trinity.Trinity.fasta.transdecoder.pep	TRINITY_DN8406_c0_g1_i1.p1	TRINITY_DN8406_c0_g1_i1.p1 TRINITY_DN8406_c0_g1~~TRINITY_DN8406_c0_g1_i1.p1  ORF type:complete len:781 (-),score=181.53,sp|O43815|STRN_HUMAN|100.0|0.0e+00 TRINITY_DN8406_c0_g1_i1:2870-5212(-)	[]
INFO: line: 	HCC 1806	peptide	RQYLQEVGY	hit in	MDAMB453_trinity.Trinity.fasta.transdecoder.pep	TRINITY_DN9487_c0_g1_i1.p1	TRINITY_DN9487_c0_g1_i1.p1 TRINITY_DN9487_c0_g1~~TRINITY_DN9487_c0_g1_i1.p1  ORF type:complete len:761 (+),score=133.83,sp|Q13033|STRN3_HUMAN|95.1|0.0e+00 TRINITY_DN9487_c0_g1_i1:311-2593(+)	[]
INFO: line: 	HCC 1806	peptide	RQYLQEVGY	hit in	MDAMB453_trinity.Trinity.fasta.transdecoder.pep	TRINITY_DN9487_c0_g1_i2.p1	TRINITY_DN9487_c0_g1_i2.p1 TRINITY_DN9487_c0_g1~~TRINITY_DN9487_c0_g1_i2.p1  ORF type:complete len:798 (+),score=147.06,sp|Q13033|STRN3_HUMAN|99.9|0.0e+00 TRINITY_DN9487_c0_g1_i2:311-2704(+)	[]
INFO: line: 	HCC 1806	peptide	RQYLQEVGY	hit in	MDAMB453_trinity.Trinity.fasta.transdecoder.pep	TRINITY_DN9487_c0_g1_i3.p1	TRINITY_DN9487_c0_g1_i3.p1 TRINITY_DN9487_c0_g1~~TRINITY_DN9487_c0_g1_i3.p1  ORF type:complete len:384 (+),score=80.77,sp|Q13033|STRN3_HUMAN|81.3|3.3e-174 TRINITY_DN9487_c0_g1_i3:311-1462(+)	[]
