INFO: looking at: MDAMB231_trinity.Trinity.fasta.transdecoder.cds
INFO: translating sequences
INFO: line to peptide info
INFO: searching sequences
INFO: line: 	MDA-MB-415	peptide	DNFLMGIGR	hit in	MDAMB231_trinity.Trinity.fasta.transdecoder.pep	TRINITY_DN12057_c0_g1_i1.p1	TRINITY_DN12057_c0_g1_i1.p1 TRINITY_DN12057_c0_g1~~TRINITY_DN12057_c0_g1_i1.p1  ORF type:complete len:366 (-),score=60.88,sp|P48729|KC1A_HUMAN|92.3|9.5e-179 TRINITY_DN12057_c0_g1_i1:2644-3741(-)	[]
INFO: line: 	MDA-MB-415	peptide	DNFLMGIGR	hit in	MDAMB231_trinity.Trinity.fasta.transdecoder.pep	TRINITY_DN12057_c0_g1_i10.p1	TRINITY_DN12057_c0_g1_i10.p1 TRINITY_DN12057_c0_g1~~TRINITY_DN12057_c0_g1_i10.p1  ORF type:complete len:338 (-),score=52.89,sp|P48729|KC1A_HUMAN|100.0|2.6e-183 TRINITY_DN12057_c0_g1_i10:2779-3792(-)	[]
INFO: line: 	MDA-MB-415	peptide	DNFLMGIGR	hit in	MDAMB231_trinity.Trinity.fasta.transdecoder.pep	TRINITY_DN12057_c0_g1_i11.p1	TRINITY_DN12057_c0_g1_i11.p1 TRINITY_DN12057_c0_g1~~TRINITY_DN12057_c0_g1_i11.p1  ORF type:complete len:354 (-),score=56.21,sp|P67827|KC1A_BOVIN|92.1|2.9e-172 TRINITY_DN12057_c0_g1_i11:2779-3840(-)	[]
INFO: line: 	MDA-MB-415	peptide	DNFLMGIGR	hit in	MDAMB231_trinity.Trinity.fasta.transdecoder.pep	TRINITY_DN12057_c0_g1_i15.p1	TRINITY_DN12057_c0_g1_i15.p1 TRINITY_DN12057_c0_g1~~TRINITY_DN12057_c0_g1_i15.p1  ORF type:complete len:366 (-),score=60.88,sp|P48729|KC1A_HUMAN|92.3|9.5e-179 TRINITY_DN12057_c0_g1_i15:2779-3876(-)	[]
INFO: line: 	MDA-MB-415	peptide	DNFLMGIGR	hit in	MDAMB231_trinity.Trinity.fasta.transdecoder.pep	TRINITY_DN12057_c0_g1_i16.p1	TRINITY_DN12057_c0_g1_i16.p1 TRINITY_DN12057_c0_g1~~TRINITY_DN12057_c0_g1_i16.p1  ORF type:complete len:338 (-),score=52.89,sp|P48729|KC1A_HUMAN|100.0|2.6e-183 TRINITY_DN12057_c0_g1_i16:2644-3657(-)	[]
INFO: line: 	MDA-MB-415	peptide	DNFLMGIGR	hit in	MDAMB231_trinity.Trinity.fasta.transdecoder.pep	TRINITY_DN12057_c0_g1_i3.p1	TRINITY_DN12057_c0_g1_i3.p1 TRINITY_DN12057_c0_g1~~TRINITY_DN12057_c0_g1_i3.p1  ORF type:complete len:326 (-),score=48.21,sp|P67827|KC1A_BOVIN|100.0|8.0e-177 TRINITY_DN12057_c0_g1_i3:2644-3621(-)	[]
INFO: line: 	MDA-MB-415	peptide	DNFLMGIGR	hit in	MDAMB231_trinity.Trinity.fasta.transdecoder.pep	TRINITY_DN12057_c0_g1_i9.p1	TRINITY_DN12057_c0_g1_i9.p1 TRINITY_DN12057_c0_g1~~TRINITY_DN12057_c0_g1_i9.p1  ORF type:complete len:326 (-),score=48.21,sp|P67827|KC1A_BOVIN|100.0|8.0e-177 TRINITY_DN12057_c0_g1_i9:2779-3756(-)	[]
INFO: line: 	HCC 1954	peptide	FEQEMATAA	hit in	MDAMB231_trinity.Trinity.fasta.transdecoder.pep	TRINITY_DN169_c0_g1_i1.p1	TRINITY_DN169_c0_g1_i1.p1 TRINITY_DN169_c0_g1~~TRINITY_DN169_c0_g1_i1.p1  ORF type:complete len:403 (-),score=108.73,sp|P63258|ACTG_BOVIN|100.0|2.5e-220 TRINITY_DN169_c0_g1_i1:594-1802(-)	[]
INFO: line: 	HCC 1806	peptide	ESGPSIVHR	hit in	MDAMB231_trinity.Trinity.fasta.transdecoder.pep	TRINITY_DN169_c0_g1_i1.p1	TRINITY_DN169_c0_g1_i1.p1 TRINITY_DN169_c0_g1~~TRINITY_DN169_c0_g1_i1.p1  ORF type:complete len:403 (-),score=108.73,sp|P63258|ACTG_BOVIN|100.0|2.5e-220 TRINITY_DN169_c0_g1_i1:594-1802(-)	[]
INFO: line: 	HCC 1954	peptide	FEQEMATAA	hit in	MDAMB231_trinity.Trinity.fasta.transdecoder.pep	TRINITY_DN169_c0_g1_i3.p1	TRINITY_DN169_c0_g1_i3.p1 TRINITY_DN169_c0_g1~~TRINITY_DN169_c0_g1_i3.p1  ORF type:complete len:403 (-),score=106.61,sp|P63258|ACTG_BOVIN|100.0|2.5e-220 TRINITY_DN169_c0_g1_i3:715-1923(-)	[]
INFO: line: 	HCC 1806	peptide	ESGPSIVHR	hit in	MDAMB231_trinity.Trinity.fasta.transdecoder.pep	TRINITY_DN169_c0_g1_i3.p1	TRINITY_DN169_c0_g1_i3.p1 TRINITY_DN169_c0_g1~~TRINITY_DN169_c0_g1_i3.p1  ORF type:complete len:403 (-),score=106.61,sp|P63258|ACTG_BOVIN|100.0|2.5e-220 TRINITY_DN169_c0_g1_i3:715-1923(-)	[]
INFO: line: 	HCC 1954	peptide	FEQEMATAA	hit in	MDAMB231_trinity.Trinity.fasta.transdecoder.pep	TRINITY_DN169_c0_g1_i6.p1	TRINITY_DN169_c0_g1_i6.p1 TRINITY_DN169_c0_g1~~TRINITY_DN169_c0_g1_i6.p1  ORF type:5prime_partial len:512 (-),score=112.46,sp|P60712|ACTB_BOVIN|100.0|1.8e-220 TRINITY_DN169_c0_g1_i6:594-2129(-)	[]
INFO: line: 	HCC 1806	peptide	ESGPSIVHR	hit in	MDAMB231_trinity.Trinity.fasta.transdecoder.pep	TRINITY_DN169_c0_g1_i6.p1	TRINITY_DN169_c0_g1_i6.p1 TRINITY_DN169_c0_g1~~TRINITY_DN169_c0_g1_i6.p1  ORF type:5prime_partial len:512 (-),score=112.46,sp|P60712|ACTB_BOVIN|100.0|1.8e-220 TRINITY_DN169_c0_g1_i6:594-2129(-)	[]
INFO: line: 	HCC 1954	peptide	FEQEMATAA	hit in	MDAMB231_trinity.Trinity.fasta.transdecoder.pep	TRINITY_DN169_c0_g1_i7.p1	TRINITY_DN169_c0_g1_i7.p1 TRINITY_DN169_c0_g1~~TRINITY_DN169_c0_g1_i7.p1  ORF type:5prime_partial len:512 (-),score=112.46,sp|P60712|ACTB_BOVIN|100.0|1.8e-220 TRINITY_DN169_c0_g1_i7:3375-4910(-)	[]
INFO: line: 	HCC 1806	peptide	ESGPSIVHR	hit in	MDAMB231_trinity.Trinity.fasta.transdecoder.pep	TRINITY_DN169_c0_g1_i7.p1	TRINITY_DN169_c0_g1_i7.p1 TRINITY_DN169_c0_g1~~TRINITY_DN169_c0_g1_i7.p1  ORF type:5prime_partial len:512 (-),score=112.46,sp|P60712|ACTB_BOVIN|100.0|1.8e-220 TRINITY_DN169_c0_g1_i7:3375-4910(-)	[]
INFO: line: 	MDA-MB-231	peptide	KYLDEDTIYHL	hit in	MDAMB231_trinity.Trinity.fasta.transdecoder.pep	TRINITY_DN27_c0_g1_i1.p1	TRINITY_DN27_c0_g1_i1.p1 TRINITY_DN27_c0_g1~~TRINITY_DN27_c0_g1_i1.p1  ORF type:complete len:333 (+),score=63.82,sp|P31153|METK2_HUMAN|100.0|1.1e-192 TRINITY_DN27_c0_g1_i1:138-1136(+)	[]
INFO: line: 	MDA-MB-231	peptide	KYLDEDTIYHL	hit in	MDAMB231_trinity.Trinity.fasta.transdecoder.pep	TRINITY_DN27_c0_g1_i19.p1	TRINITY_DN27_c0_g1_i19.p1 TRINITY_DN27_c0_g1~~TRINITY_DN27_c0_g1_i19.p1  ORF type:complete len:327 (+),score=61.29,sp|P31153|METK2_HUMAN|100.0|1.5e-183 TRINITY_DN27_c0_g1_i19:134-1114(+)	[]
INFO: line: 	MDA-MB-231	peptide	KYLDEDTIYHL	hit in	MDAMB231_trinity.Trinity.fasta.transdecoder.pep	TRINITY_DN27_c0_g1_i2.p1	TRINITY_DN27_c0_g1_i2.p1 TRINITY_DN27_c0_g1~~TRINITY_DN27_c0_g1_i2.p1  ORF type:complete len:268 (+),score=58.23,sp|P31153|METK2_HUMAN|100.0|1.2e-146 TRINITY_DN27_c0_g1_i2:134-937(+)	[]
INFO: line: 	MDA-MB-231	peptide	KYLDEDTIYHL	hit in	MDAMB231_trinity.Trinity.fasta.transdecoder.pep	TRINITY_DN27_c0_g1_i23.p1	TRINITY_DN27_c0_g1_i23.p1 TRINITY_DN27_c0_g1~~TRINITY_DN27_c0_g1_i23.p1  ORF type:complete len:268 (+),score=58.23,sp|P31153|METK2_HUMAN|100.0|1.2e-146 TRINITY_DN27_c0_g1_i23:134-937(+)	[]
INFO: line: 	MDA-MB-231	peptide	KYLDEDTIYHL	hit in	MDAMB231_trinity.Trinity.fasta.transdecoder.pep	TRINITY_DN27_c0_g1_i24.p1	TRINITY_DN27_c0_g1_i24.p1 TRINITY_DN27_c0_g1~~TRINITY_DN27_c0_g1_i24.p1  ORF type:complete len:187 (+),score=26.28,sp|P31153|METK2_HUMAN|99.4|1.9e-98 TRINITY_DN27_c0_g1_i24:779-1339(+)	[]
INFO: line: 	MDA-MB-231	peptide	KYLDEDTIYHL	hit in	MDAMB231_trinity.Trinity.fasta.transdecoder.pep	TRINITY_DN27_c0_g1_i28.p2	TRINITY_DN27_c0_g1_i28.p2 TRINITY_DN27_c0_g1~~TRINITY_DN27_c0_g1_i28.p2  ORF type:complete len:187 (+),score=26.28,sp|P31153|METK2_HUMAN|99.4|1.9e-98 TRINITY_DN27_c0_g1_i28:844-1404(+)	[]
INFO: line: 	MDA-MB-231	peptide	KYLDEDTIYHL	hit in	MDAMB231_trinity.Trinity.fasta.transdecoder.pep	TRINITY_DN27_c0_g1_i29.p1	TRINITY_DN27_c0_g1_i29.p1 TRINITY_DN27_c0_g1~~TRINITY_DN27_c0_g1_i29.p1  ORF type:complete len:220 (+),score=35.86,sp|P31153|METK2_HUMAN|99.5|2.7e-120 TRINITY_DN27_c0_g1_i29:779-1438(+)	[]
INFO: line: 	MDA-MB-231	peptide	KYLDEDTIYHL	hit in	MDAMB231_trinity.Trinity.fasta.transdecoder.pep	TRINITY_DN27_c0_g1_i31.p1	TRINITY_DN27_c0_g1_i31.p1 TRINITY_DN27_c0_g1~~TRINITY_DN27_c0_g1_i31.p1  ORF type:complete len:363 (+),score=69.88,sp|P31153|METK2_HUMAN|100.0|1.8e-209 TRINITY_DN27_c0_g1_i31:134-1222(+)	[]
INFO: line: 	MDA-MB-231	peptide	KYLDEDTIYHL	hit in	MDAMB231_trinity.Trinity.fasta.transdecoder.pep	TRINITY_DN27_c0_g1_i39.p1	TRINITY_DN27_c0_g1_i39.p1 TRINITY_DN27_c0_g1~~TRINITY_DN27_c0_g1_i39.p1  ORF type:complete len:396 (+),score=79.45,sp|P31153|METK2_HUMAN|100.0|2.3e-231 TRINITY_DN27_c0_g1_i39:134-1321(+)	[]
INFO: line: 	MDA-MB-231	peptide	KYLDEDTIYHL	hit in	MDAMB231_trinity.Trinity.fasta.transdecoder.pep	TRINITY_DN27_c0_g1_i43.p1	TRINITY_DN27_c0_g1_i43.p1 TRINITY_DN27_c0_g1~~TRINITY_DN27_c0_g1_i43.p1  ORF type:complete len:268 (+),score=58.23,sp|P31153|METK2_HUMAN|100.0|1.2e-146 TRINITY_DN27_c0_g1_i43:134-937(+)	[]
INFO: line: 	MDA-MB-231	peptide	KYLDEDTIYHL	hit in	MDAMB231_trinity.Trinity.fasta.transdecoder.pep	TRINITY_DN27_c0_g1_i44.p1	TRINITY_DN27_c0_g1_i44.p1 TRINITY_DN27_c0_g1~~TRINITY_DN27_c0_g1_i44.p1  ORF type:complete len:268 (+),score=58.23,sp|P31153|METK2_HUMAN|100.0|1.2e-146 TRINITY_DN27_c0_g1_i44:134-937(+)	[]
INFO: line: 	HCC 1954	peptide	KAYHEQLTV	hit in	MDAMB231_trinity.Trinity.fasta.transdecoder.pep	TRINITY_DN28331_c0_g1_i10.p1	TRINITY_DN28331_c0_g1_i10.p1 TRINITY_DN28331_c0_g1~~TRINITY_DN28331_c0_g1_i10.p1  ORF type:complete len:450 (-),score=136.81,sp|Q9BQE3|TBA1C_HUMAN|99.8|1.8e-267 TRINITY_DN28331_c0_g1_i10:353-1702(-)	[]
INFO: line: 	HCC 1954	peptide	KAYHEQLTV	hit in	MDAMB231_trinity.Trinity.fasta.transdecoder.pep	TRINITY_DN28331_c0_g1_i11.p1	TRINITY_DN28331_c0_g1_i11.p1 TRINITY_DN28331_c0_g1~~TRINITY_DN28331_c0_g1_i11.p1  ORF type:complete len:452 (-),score=141.35,sp|P81947|TBA1B_BOVIN|99.6|3.6e-268 TRINITY_DN28331_c0_g1_i11:184-1539(-)	[]
INFO: line: 	HCC 1954	peptide	KAYHEQLTV	hit in	MDAMB231_trinity.Trinity.fasta.transdecoder.pep	TRINITY_DN28331_c0_g1_i4.p1	TRINITY_DN28331_c0_g1_i4.p1 TRINITY_DN28331_c0_g1~~TRINITY_DN28331_c0_g1_i4.p1  ORF type:5prime_partial len:387 (-),score=121.93,sp|P81947|TBA1B_BOVIN|99.5|1.4e-225 TRINITY_DN28331_c0_g1_i4:184-1344(-)	[]
INFO: line: 	HCC 1954	peptide	KAYHEQLTV	hit in	MDAMB231_trinity.Trinity.fasta.transdecoder.pep	TRINITY_DN28331_c0_g1_i6.p1	TRINITY_DN28331_c0_g1_i6.p1 TRINITY_DN28331_c0_g1~~TRINITY_DN28331_c0_g1_i6.p1  ORF type:complete len:452 (-),score=141.36,sp|P81947|TBA1B_BOVIN|99.6|3.6e-268 TRINITY_DN28331_c0_g1_i6:184-1539(-)	[]
INFO: line: 	HCC 1954	peptide	KAYHEQLTV	hit in	MDAMB231_trinity.Trinity.fasta.transdecoder.pep	TRINITY_DN28331_c0_g1_i9.p1	TRINITY_DN28331_c0_g1_i9.p1 TRINITY_DN28331_c0_g1~~TRINITY_DN28331_c0_g1_i9.p1  ORF type:complete len:450 (-),score=136.82,sp|Q9BQE3|TBA1C_HUMAN|99.8|1.8e-267 TRINITY_DN28331_c0_g1_i9:353-1702(-)	[]
INFO: line: 	HCC 1954	peptide	YPDRIMNTF	hit in	MDAMB231_trinity.Trinity.fasta.transdecoder.pep	TRINITY_DN30_c0_g1_i16.p1	TRINITY_DN30_c0_g1_i16.p1 TRINITY_DN30_c0_g1~~TRINITY_DN30_c0_g1_i16.p1  ORF type:complete len:446 (-),score=139.17,sp|Q3MHM5|TBB4B_BOVIN|99.8|2.9e-262 TRINITY_DN30_c0_g1_i16:179-1516(-)	[]
INFO: line: 	HCC 1954	peptide	EYPDRIMNTF	hit in	MDAMB231_trinity.Trinity.fasta.transdecoder.pep	TRINITY_DN30_c0_g1_i16.p1	TRINITY_DN30_c0_g1_i16.p1 TRINITY_DN30_c0_g1~~TRINITY_DN30_c0_g1_i16.p1  ORF type:complete len:446 (-),score=139.17,sp|Q3MHM5|TBB4B_BOVIN|99.8|2.9e-262 TRINITY_DN30_c0_g1_i16:179-1516(-)	[]
INFO: line: 	HCC 1954	peptide	YPDRIMNTF	hit in	MDAMB231_trinity.Trinity.fasta.transdecoder.pep	TRINITY_DN30_c0_g1_i18.p1	TRINITY_DN30_c0_g1_i18.p1 TRINITY_DN30_c0_g1~~TRINITY_DN30_c0_g1_i18.p1  ORF type:complete len:468 (-),score=138.98,sp|Q9BUF5|TBB6_HUMAN|95.3|1.7e-252 TRINITY_DN30_c0_g1_i18:436-1776(-)	[]
INFO: line: 	HCC 1954	peptide	EYPDRIMNTF	hit in	MDAMB231_trinity.Trinity.fasta.transdecoder.pep	TRINITY_DN30_c0_g1_i18.p1	TRINITY_DN30_c0_g1_i18.p1 TRINITY_DN30_c0_g1~~TRINITY_DN30_c0_g1_i18.p1  ORF type:complete len:468 (-),score=138.98,sp|Q9BUF5|TBB6_HUMAN|95.3|1.7e-252 TRINITY_DN30_c0_g1_i18:436-1776(-)	[]
INFO: line: 	HCC 1954	peptide	YPDRIMNTF	hit in	MDAMB231_trinity.Trinity.fasta.transdecoder.pep	TRINITY_DN30_c0_g1_i22.p1	TRINITY_DN30_c0_g1_i22.p1 TRINITY_DN30_c0_g1~~TRINITY_DN30_c0_g1_i22.p1  ORF type:complete len:447 (-),score=132.21,sp|Q3MHM5|TBB4B_BOVIN|97.5|1.8e-256 TRINITY_DN30_c0_g1_i22:436-1776(-)	[]
INFO: line: 	HCC 1954	peptide	EYPDRIMNTF	hit in	MDAMB231_trinity.Trinity.fasta.transdecoder.pep	TRINITY_DN30_c0_g1_i22.p1	TRINITY_DN30_c0_g1_i22.p1 TRINITY_DN30_c0_g1~~TRINITY_DN30_c0_g1_i22.p1  ORF type:complete len:447 (-),score=132.21,sp|Q3MHM5|TBB4B_BOVIN|97.5|1.8e-256 TRINITY_DN30_c0_g1_i22:436-1776(-)	[]
INFO: line: 	HCC 1954	peptide	YPDRIMNTF	hit in	MDAMB231_trinity.Trinity.fasta.transdecoder.pep	TRINITY_DN30_c0_g1_i27.p1	TRINITY_DN30_c0_g1_i27.p1 TRINITY_DN30_c0_g1~~TRINITY_DN30_c0_g1_i27.p1  ORF type:complete len:467 (-),score=138.49,sp|Q3MHM5|TBB4B_BOVIN|97.3|6.5e-257 TRINITY_DN30_c0_g1_i27:179-1516(-)	[]
INFO: line: 	HCC 1954	peptide	EYPDRIMNTF	hit in	MDAMB231_trinity.Trinity.fasta.transdecoder.pep	TRINITY_DN30_c0_g1_i27.p1	TRINITY_DN30_c0_g1_i27.p1 TRINITY_DN30_c0_g1~~TRINITY_DN30_c0_g1_i27.p1  ORF type:complete len:467 (-),score=138.49,sp|Q3MHM5|TBB4B_BOVIN|97.3|6.5e-257 TRINITY_DN30_c0_g1_i27:179-1516(-)	[]
INFO: line: 	HCC 1954	peptide	YPDRIMNTF	hit in	MDAMB231_trinity.Trinity.fasta.transdecoder.pep	TRINITY_DN30_c0_g1_i28.p1	TRINITY_DN30_c0_g1_i28.p1 TRINITY_DN30_c0_g1~~TRINITY_DN30_c0_g1_i28.p1  ORF type:complete len:447 (-),score=142.04,sp|Q9BUF5|TBB6_HUMAN|94.6|1.0e-251 TRINITY_DN30_c0_g1_i28:436-1776(-)	[]
INFO: line: 	HCC 1954	peptide	EYPDRIMNTF	hit in	MDAMB231_trinity.Trinity.fasta.transdecoder.pep	TRINITY_DN30_c0_g1_i28.p1	TRINITY_DN30_c0_g1_i28.p1 TRINITY_DN30_c0_g1~~TRINITY_DN30_c0_g1_i28.p1  ORF type:complete len:447 (-),score=142.04,sp|Q9BUF5|TBB6_HUMAN|94.6|1.0e-251 TRINITY_DN30_c0_g1_i28:436-1776(-)	[]
INFO: line: 	HCC 1954	peptide	YPDRIMNTF	hit in	MDAMB231_trinity.Trinity.fasta.transdecoder.pep	TRINITY_DN30_c0_g1_i29.p1	TRINITY_DN30_c0_g1_i29.p1 TRINITY_DN30_c0_g1~~TRINITY_DN30_c0_g1_i29.p1  ORF type:complete len:468 (-),score=133.63,sp|Q9BUF5|TBB6_HUMAN|95.3|9.8e-253 TRINITY_DN30_c0_g1_i29:436-1776(-)	[]
INFO: line: 	HCC 1954	peptide	EYPDRIMNTF	hit in	MDAMB231_trinity.Trinity.fasta.transdecoder.pep	TRINITY_DN30_c0_g1_i29.p1	TRINITY_DN30_c0_g1_i29.p1 TRINITY_DN30_c0_g1~~TRINITY_DN30_c0_g1_i29.p1  ORF type:complete len:468 (-),score=133.63,sp|Q9BUF5|TBB6_HUMAN|95.3|9.8e-253 TRINITY_DN30_c0_g1_i29:436-1776(-)	[]
INFO: line: 	HCC 1954	peptide	YPDRIMNTF	hit in	MDAMB231_trinity.Trinity.fasta.transdecoder.pep	TRINITY_DN30_c0_g1_i31.p1	TRINITY_DN30_c0_g1_i31.p1 TRINITY_DN30_c0_g1~~TRINITY_DN30_c0_g1_i31.p1  ORF type:complete len:445 (-),score=136.39,sp|Q2KJD0|TBB5_BOVIN|100.0|2.9e-262 TRINITY_DN30_c0_g1_i31:1024-2358(-)	[]
INFO: line: 	HCC 1954	peptide	EYPDRIMNTF	hit in	MDAMB231_trinity.Trinity.fasta.transdecoder.pep	TRINITY_DN30_c0_g1_i31.p1	TRINITY_DN30_c0_g1_i31.p1 TRINITY_DN30_c0_g1~~TRINITY_DN30_c0_g1_i31.p1  ORF type:complete len:445 (-),score=136.39,sp|Q2KJD0|TBB5_BOVIN|100.0|2.9e-262 TRINITY_DN30_c0_g1_i31:1024-2358(-)	[]
INFO: line: 	HCC 1954	peptide	YPDRIMNTF	hit in	MDAMB231_trinity.Trinity.fasta.transdecoder.pep	TRINITY_DN30_c0_g1_i34.p1	TRINITY_DN30_c0_g1_i34.p1 TRINITY_DN30_c0_g1~~TRINITY_DN30_c0_g1_i34.p1  ORF type:3prime_partial len:354 (-),score=103.69,sp|Q3MHM5|TBB4B_BOVIN|97.5|1.7e-204 TRINITY_DN30_c0_g1_i34:3-1061(-)	[]
INFO: line: 	HCC 1954	peptide	EYPDRIMNTF	hit in	MDAMB231_trinity.Trinity.fasta.transdecoder.pep	TRINITY_DN30_c0_g1_i34.p1	TRINITY_DN30_c0_g1_i34.p1 TRINITY_DN30_c0_g1~~TRINITY_DN30_c0_g1_i34.p1  ORF type:3prime_partial len:354 (-),score=103.69,sp|Q3MHM5|TBB4B_BOVIN|97.5|1.7e-204 TRINITY_DN30_c0_g1_i34:3-1061(-)	[]
INFO: line: 	HCC 1954	peptide	YPDRIMNTF	hit in	MDAMB231_trinity.Trinity.fasta.transdecoder.pep	TRINITY_DN30_c0_g1_i37.p1	TRINITY_DN30_c0_g1_i37.p1 TRINITY_DN30_c0_g1~~TRINITY_DN30_c0_g1_i37.p1  ORF type:complete len:401 (-),score=141.42,sp|Q3MHM5|TBB4B_BOVIN|99.5|8.2e-232 TRINITY_DN30_c0_g1_i37:179-1300(-)	[]
INFO: line: 	HCC 1954	peptide	EYPDRIMNTF	hit in	MDAMB231_trinity.Trinity.fasta.transdecoder.pep	TRINITY_DN30_c0_g1_i37.p1	TRINITY_DN30_c0_g1_i37.p1 TRINITY_DN30_c0_g1~~TRINITY_DN30_c0_g1_i37.p1  ORF type:complete len:401 (-),score=141.42,sp|Q3MHM5|TBB4B_BOVIN|99.5|8.2e-232 TRINITY_DN30_c0_g1_i37:179-1300(-)	[]
INFO: line: 	HCC 1954	peptide	YPDRIMNTF	hit in	MDAMB231_trinity.Trinity.fasta.transdecoder.pep	TRINITY_DN30_c0_g1_i5.p1	TRINITY_DN30_c0_g1_i5.p1 TRINITY_DN30_c0_g1~~TRINITY_DN30_c0_g1_i5.p1  ORF type:complete len:445 (-),score=135.43,sp|Q2KJD0|TBB5_BOVIN|98.9|1.2e-260 TRINITY_DN30_c0_g1_i5:1024-2358(-)	[]
INFO: line: 	HCC 1954	peptide	EYPDRIMNTF	hit in	MDAMB231_trinity.Trinity.fasta.transdecoder.pep	TRINITY_DN30_c0_g1_i5.p1	TRINITY_DN30_c0_g1_i5.p1 TRINITY_DN30_c0_g1~~TRINITY_DN30_c0_g1_i5.p1  ORF type:complete len:445 (-),score=135.43,sp|Q2KJD0|TBB5_BOVIN|98.9|1.2e-260 TRINITY_DN30_c0_g1_i5:1024-2358(-)	[]
INFO: line: 	HCC 1954	peptide	YPDRIMNTF	hit in	MDAMB231_trinity.Trinity.fasta.transdecoder.pep	TRINITY_DN30_c0_g1_i7.p1	TRINITY_DN30_c0_g1_i7.p1 TRINITY_DN30_c0_g1~~TRINITY_DN30_c0_g1_i7.p1  ORF type:complete len:446 (-),score=146.90,sp|Q3MHM5|TBB4B_BOVIN|97.5|2.5e-258 TRINITY_DN30_c0_g1_i7:179-1516(-)	[]
INFO: line: 	HCC 1954	peptide	EYPDRIMNTF	hit in	MDAMB231_trinity.Trinity.fasta.transdecoder.pep	TRINITY_DN30_c0_g1_i7.p1	TRINITY_DN30_c0_g1_i7.p1 TRINITY_DN30_c0_g1~~TRINITY_DN30_c0_g1_i7.p1  ORF type:complete len:446 (-),score=146.90,sp|Q3MHM5|TBB4B_BOVIN|97.5|2.5e-258 TRINITY_DN30_c0_g1_i7:179-1516(-)	[]
INFO: line: 	HCC 1806	peptide	RQYLQEVGY	hit in	MDAMB231_trinity.Trinity.fasta.transdecoder.pep	TRINITY_DN354_c0_g1_i1.p1	TRINITY_DN354_c0_g1_i1.p1 TRINITY_DN354_c0_g1~~TRINITY_DN354_c0_g1_i1.p1  ORF type:complete len:667 (+),score=110.72,sp|Q13033|STRN3_HUMAN|88.6|0.0e+00 TRINITY_DN354_c0_g1_i1:100-2001(+)	[]
INFO: line: 	HCC 1806	peptide	RQYLQEVGY	hit in	MDAMB231_trinity.Trinity.fasta.transdecoder.pep	TRINITY_DN354_c0_g1_i2.p1	TRINITY_DN354_c0_g1_i2.p1 TRINITY_DN354_c0_g1~~TRINITY_DN354_c0_g1_i2.p1  ORF type:complete len:751 (+),score=135.74,sp|Q13033|STRN3_HUMAN|99.9|0.0e+00 TRINITY_DN354_c0_g1_i2:100-2253(+)	[]
INFO: line: 	HCC 1806	peptide	RQYLQEVGY	hit in	MDAMB231_trinity.Trinity.fasta.transdecoder.pep	TRINITY_DN354_c0_g1_i3.p1	TRINITY_DN354_c0_g1_i3.p1 TRINITY_DN354_c0_g1~~TRINITY_DN354_c0_g1_i3.p1  ORF type:complete len:704 (+),score=124.09,sp|Q13033|STRN3_HUMAN|93.4|0.0e+00 TRINITY_DN354_c0_g1_i3:100-2112(+)	[]
INFO: line: 	HCC 1806	peptide	RQYLQEVGY	hit in	MDAMB231_trinity.Trinity.fasta.transdecoder.pep	TRINITY_DN956_c0_g1_i1.p1	TRINITY_DN956_c0_g1_i1.p1 TRINITY_DN956_c0_g1~~TRINITY_DN956_c0_g1_i1.p1  ORF type:5prime_partial len:714 (-),score=168.63,sp|O43815|STRN_HUMAN|100.0|0.0e+00 TRINITY_DN956_c0_g1_i1:2722-4863(-)	[]
INFO: line: 	HCC 1806	peptide	RQYLQEVGY	hit in	MDAMB231_trinity.Trinity.fasta.transdecoder.pep	TRINITY_DN956_c0_g1_i2.p1	TRINITY_DN956_c0_g1_i2.p1 TRINITY_DN956_c0_g1~~TRINITY_DN956_c0_g1_i2.p1  ORF type:5prime_partial len:743 (-),score=171.21,sp|O43815|STRN_HUMAN|96.0|0.0e+00 TRINITY_DN956_c0_g1_i2:2722-4950(-)	[]
